<?xml version="1.0" encoding="UTF-8"?>
<!-- Generated by org.testng.reporters.JUnitReportReporter -->
<testsuite hostname="MCC-RDEVWS10" name="WorkesrCom_UI.TC100_CoverageHistory_1_page3" tests="3" failures="0" timestamp="5 Feb 2020 09:33:33 GMT" time="201.762" errors="0">
  <testcase name="ts01_coverageHistory_verifyTableAppear_Page3" time="63.414" classname="WorkesrCom_UI.TC100_CoverageHistory_1_page3"/>
  <testcase name="ts02_coveragePage_No_asSelected" time="64.831" classname="WorkesrCom_UI.TC100_CoverageHistory_1_page3"/>
  <testcase name="ts03_verifyValidations_coverageHistory" time="73.517" classname="WorkesrCom_UI.TC100_CoverageHistory_1_page3"/>
</testsuite> <!-- WorkesrCom_UI.TC100_CoverageHistory_1_page3 -->
