<?xml version="1.0" encoding="UTF-8"?>
<!-- Generated by org.testng.reporters.JUnitReportReporter -->
<testsuite skipped="0" hostname="ROC-RDEVWS07" name="com.LegacyApplication.TLS_TestScenarios.TC029_VerifyEffectiveDateInInspectionReminder" tests="1" failures="0" timestamp="01 Jun 2018 09:32:52 GMT" time="176.629" errors="0">
  <testcase name="verify_effectiveDate_in_InspectionRemider" time="176.629" classname="com.LegacyApplication.TLS_TestScenarios.TC029_VerifyEffectiveDateInInspectionReminder"/>
</testsuite> <!-- com.LegacyApplication.TLS_TestScenarios.TC029_VerifyEffectiveDateInInspectionReminder -->
