<?xml version="1.0" encoding="UTF-8"?>
<!-- Generated by org.testng.reporters.JUnitReportReporter -->
<testsuite name="com.LegacyApplication.SubmissionPage.TC012_ReviewSubmissionDetails" tests="1" time="39.745" ignored="0" failures="0" timestamp="29 Nov 2017 07:09:33 GMT" skipped="0" hostname="ROC-RDEVWS07" errors="0">
  <testcase name="review_submission_details" time="39.745" classname="com.LegacyApplication.SubmissionPage.TC012_ReviewSubmissionDetails"/>
</testsuite> <!-- com.LegacyApplication.SubmissionPage.TC012_ReviewSubmissionDetails -->
