<?xml version="1.0" encoding="UTF-8"?>
<!-- Generated by org.testng.reporters.JUnitReportReporter -->
<testsuite name="com.LegacyApplication.SubmissionPage.TC004_VerifyGlRatingData" tests="1" time="38.437" ignored="0" failures="0" timestamp="29 Nov 2017 05:27:15 GMT" skipped="0" hostname="ROC-RDEVWS07" errors="0">
  <testcase name="verify_gi_rating_data" time="38.437" classname="com.LegacyApplication.SubmissionPage.TC004_VerifyGlRatingData"/>
</testsuite> <!-- com.LegacyApplication.SubmissionPage.TC004_VerifyGlRatingData -->
