<?xml version="1.0" encoding="UTF-8"?>
<!-- Generated by org.testng.reporters.JUnitReportReporter -->
<testsuite skipped="0" hostname="ROC-RDEVWS07" name="com.LegacyApplication.ProductionTickets.TC035_VerifyRunningOutofPolicyNumbersQAC" tests="1" failures="0" timestamp="13 Aug 2018 09:10:07 GMT" time="242.381" errors="0">
  <testcase name="verify_running_outofpolicynumbers_QAC" time="242.381" classname="com.LegacyApplication.ProductionTickets.TC035_VerifyRunningOutofPolicyNumbersQAC"/>
</testsuite> <!-- com.LegacyApplication.ProductionTickets.TC035_VerifyRunningOutofPolicyNumbersQAC -->
