<?xml version="1.0" encoding="UTF-8"?>
<!-- Generated by org.testng.reporters.JUnitReportReporter -->
<testsuite skipped="0" hostname="ROC-RDEVWS10" name="com.LegacyApplication.ProductionTickets.TC029_VerifyEffectiveDateInInspectionReminder" tests="1" failures="0" timestamp="11 Feb 2019 12:41:09 GMT" time="233.481" errors="0">
  <testcase name="verify_effectiveDate_in_InspectionRemider" time="233.481" classname="com.LegacyApplication.ProductionTickets.TC029_VerifyEffectiveDateInInspectionReminder"/>
</testsuite> <!-- com.LegacyApplication.ProductionTickets.TC029_VerifyEffectiveDateInInspectionReminder -->
