<?xml version="1.0" encoding="UTF-8"?>
<!-- Generated by org.testng.reporters.JUnitReportReporter -->
<testsuite hostname="ROC-RDEVWS10" name="com.LegacyApplication.ProductionTickets.TC087_GABR_PolicyCommonDeclaration_Commercial" tests="1" failures="0" timestamp="18 Jul 2019 05:40:55 GMT" time="86.577" errors="0">
  <testcase name="gabr_PolicyCommonDeclaration_Commercial" time="86.577" classname="com.LegacyApplication.ProductionTickets.TC087_GABR_PolicyCommonDeclaration_Commercial"/>
</testsuite> <!-- com.LegacyApplication.ProductionTickets.TC087_GABR_PolicyCommonDeclaration_Commercial -->
