<?xml version="1.0" encoding="UTF-8"?>
<!-- Generated by org.testng.reporters.JUnitReportReporter -->
<testsuite hostname="MCC-RDEVWS10" name="com.LegacyApplication.AutoRenewBrokerFee.TC017_ValidateSameFlatBrokerFeeForNewandRenewal" tests="1" failures="0" timestamp="8 Nov 2019 10:18:14 GMT" time="732.352" errors="0">
  <testcase name="setup_flat_brokerfee" time="732.352" classname="com.LegacyApplication.AutoRenewBrokerFee.TC017_ValidateSameFlatBrokerFeeForNewandRenewal"/>
</testsuite> <!-- com.LegacyApplication.AutoRenewBrokerFee.TC017_ValidateSameFlatBrokerFeeForNewandRenewal -->
