<?xml version="1.0" encoding="UTF-8"?>
<!-- Generated by org.testng.reporters.JUnitReportReporter -->
<testsuite hostname="ROC-RDEVWS10" name="com.LegacyApplication.ProductionTickets.TC088_GABR_PolicyCommonDeclaration_Residential" tests="1" failures="0" timestamp="18 Jul 2019 05:38:02 GMT" time="112.460" errors="0">
  <testcase name="gabr_PolicyCommonDeclaration_Residential" time="112.460" classname="com.LegacyApplication.ProductionTickets.TC088_GABR_PolicyCommonDeclaration_Residential"/>
</testsuite> <!-- com.LegacyApplication.ProductionTickets.TC088_GABR_PolicyCommonDeclaration_Residential -->
