<?xml version="1.0" encoding="UTF-8"?>
<!-- Generated by org.testng.reporters.JUnitReportReporter -->
<<<<<<< HEAD
<testsuite skipped="0" hostname="MCC-TESTPC" name="com.LegacyApplication.ProductionTickets.TC084_GABRsubmission_witoutIssuePolicyOption45Com" tests="1" failures="0" timestamp="26 Nov 2018 18:32:33 GMT" time="57.633" errors="0">
  <testcase name="gabr_No_IssuePolicyOption_Commercial45" time="57.633" classname="com.LegacyApplication.ProductionTickets.TC084_GABRsubmission_witoutIssuePolicyOption45Com"/>
=======
<<<<<<< HEAD
<testsuite skipped="0" hostname="ROC-RDEVWS10" name="com.LegacyApplication.ProductionTickets.TC084_GABRsubmission_witoutIssuePolicyOption45Com" tests="1" failures="0" timestamp="23 Nov 2018 05:43:10 GMT" time="70.679" errors="0">
  <testcase name="gabr_No_IssuePolicyOption_Commercial45" time="70.679" classname="com.LegacyApplication.ProductionTickets.TC084_GABRsubmission_witoutIssuePolicyOption45Com"/>
=======
<testsuite skipped="0" hostname="ROC-RDEVWS07" name="com.LegacyApplication.ProductionTickets.TC084_GABRsubmission_witoutIssuePolicyOption45Com" tests="1" failures="0" timestamp="27 Nov 2018 04:36:42 GMT" time="59.471" errors="0">
  <testcase name="gabr_No_IssuePolicyOption_Commercial45" time="59.471" classname="com.LegacyApplication.ProductionTickets.TC084_GABRsubmission_witoutIssuePolicyOption45Com"/>
>>>>>>> 4ab747e81e75979c8f2c9e661e218af05c789cd3
>>>>>>> f4bf318673fa39148cc6dd154998725b3877e53b
</testsuite> <!-- com.LegacyApplication.ProductionTickets.TC084_GABRsubmission_witoutIssuePolicyOption45Com -->
