<?xml version="1.0" encoding="UTF-8"?>
<!-- Generated by org.testng.reporters.JUnitReportReporter -->
<testsuite skipped="0" hostname="ROC-RDEVWS10" name="com.LegacyApplication.RegressionIssues.TC065_VerifyUnderwriterChecklistError_GABR" tests="1" failures="0" timestamp="16 Aug 2018 05:48:57 GMT" time="153.449" errors="0">
  <testcase name="verify_GABR_UnderWriterCheckListError_fromAdmin" time="153.449" classname="com.LegacyApplication.RegressionIssues.TC065_VerifyUnderwriterChecklistError_GABR"/>
</testsuite> <!-- com.LegacyApplication.RegressionIssues.TC065_VerifyUnderwriterChecklistError_GABR -->
