<?xml version="1.0" encoding="UTF-8"?>
<!-- Generated by org.testng.reporters.JUnitReportReporter -->
<testsuite hostname="ROC-RDEVWS10" name="com.LegacyApplication.ProductionTickets.TC070_GABRsubmission_with_IssuePolicyOption" tests="1" failures="0" timestamp="18 Jul 2019 05:50:04 GMT" time="75.441" errors="0">
  <testcase name="gabr_SubmissionWith_IssuePolicyOption" time="75.441" classname="com.LegacyApplication.ProductionTickets.TC070_GABRsubmission_with_IssuePolicyOption"/>
</testsuite> <!-- com.LegacyApplication.ProductionTickets.TC070_GABRsubmission_with_IssuePolicyOption -->
