<?xml version="1.0" encoding="UTF-8"?>
<!-- Generated by org.testng.reporters.JUnitReportReporter -->
<testsuite skipped="0" hostname="ROC-RDEVWS10" name="com.LegcyApplication.NewARProcess.TC074_VerifySubmissionStatus_NormalAgency_DirectBill" tests="1" failures="0" timestamp="17 Oct 2018 11:50:00 GMT" time="394.279" errors="0">
  <testcase name="review_submissionStatus_NormalAgency_DirectBill" time="394.279" classname="com.LegcyApplication.NewARProcess.TC074_VerifySubmissionStatus_NormalAgency_DirectBill"/>
</testsuite> <!-- com.LegcyApplication.NewARProcess.TC074_VerifySubmissionStatus_NormalAgency_DirectBill -->
