<?xml version="1.0" encoding="UTF-8"?>
<!-- Generated by org.testng.reporters.JUnitReportReporter -->
<testsuite skipped="0" hostname="ROC-RDEVWS10" name="com.LegacyApplication.ProductionTickets.TC059_QCAverifyAdditionalEligibilityQus" tests="1" failures="0" timestamp="23 Apr 2019 12:09:54 GMT" time="57.222" errors="0">
  <testcase name="verify_additionaleligibility_qus" time="57.222" classname="com.LegacyApplication.ProductionTickets.TC059_QCAverifyAdditionalEligibilityQus"/>
</testsuite> <!-- com.LegacyApplication.ProductionTickets.TC059_QCAverifyAdditionalEligibilityQus -->
