<?xml version="1.0" encoding="UTF-8"?>
<!-- Generated by org.testng.reporters.JUnitReportReporter -->
<testsuite hostname="MCC-RDEVWS10" name="com.LegacyApplication.AutoRenewBrokerFee.TC021_ValidateSameTieredBrokerFeeForNewandRenewal" tests="1" failures="0" timestamp="1 Nov 2019 10:55:49 GMT" time="747.967" errors="0">
  <testcase name="setup_tiered_brokerfee" time="747.967" classname="com.LegacyApplication.AutoRenewBrokerFee.TC021_ValidateSameTieredBrokerFeeForNewandRenewal"/>
</testsuite> <!-- com.LegacyApplication.AutoRenewBrokerFee.TC021_ValidateSameTieredBrokerFeeForNewandRenewal -->
