<?xml version="1.0" encoding="UTF-8"?>
<!-- Generated by org.testng.reporters.JUnitReportReporter -->
<testsuite skipped="0" hostname="ROC-RDEVWS10" name="StarUI.TC091_CreateStarrSubmission_Valid" tests="1" failures="0" timestamp="14 Jan 2019 13:05:05 GMT" time="59.950" errors="0">
  <testcase name="starr_marineSubmission" time="59.950" classname="StarUI.TC091_CreateStarrSubmission_Valid"/>
</testsuite> <!-- StarUI.TC091_CreateStarrSubmission_Valid -->
