<?xml version="1.0" encoding="UTF-8"?>
<!-- Generated by org.testng.reporters.JUnitReportReporter -->
<testsuite skipped="1" hostname="ROC-RDEVWS07" name="com.LegacyApplication.QAAFilingChanges.TC025_MI_FilingChanges" tests="2" failures="0" timestamp="12 Apr 2018 12:53:18 GMT" time="176.492" errors="0">
  <testcase name="verify_MI_info" time="176.492" classname="com.LegacyApplication.QAAFilingChanges.TC025_MI_FilingChanges"/>
  <testcase name="vaildate_MI_filing_changes" classname="com.LegacyApplication.QAAFilingChanges.TC025_MI_FilingChanges">
    <skipped/>
  </testcase> <!-- vaildate_MI_filing_changes -->
</testsuite> <!-- com.LegacyApplication.QAAFilingChanges.TC025_MI_FilingChanges -->
