<?xml version="1.0" encoding="UTF-8"?>
<!-- Generated by org.testng.reporters.JUnitReportReporter -->
<<<<<<< HEAD
<testsuite skipped="0" hostname="ROC-RDEVWS10" name="com.LegacyApplication.RegressionIssues.TC062_VerifyApplicationpage_QCA" tests="1" failures="0" timestamp="13 Aug 2018 13:03:57 GMT" time="71.022" errors="0">
  <testcase name="applicationpage_QCA" time="71.022" classname="com.LegacyApplication.RegressionIssues.TC062_VerifyApplicationpage_QCA"/>
=======
<testsuite skipped="0" hostname="ROC-RDEVWS07" name="com.LegacyApplication.RegressionIssues.TC062_VerifyApplicationpage_QCA" tests="1" failures="0" timestamp="14 Aug 2018 09:54:44 GMT" time="54.242" errors="0">
  <testcase name="applicationpage_QCA" time="54.242" classname="com.LegacyApplication.RegressionIssues.TC062_VerifyApplicationpage_QCA"/>
>>>>>>> 217b57a4938f764f555ca1b9966d31d709b173ea
</testsuite> <!-- com.LegacyApplication.RegressionIssues.TC062_VerifyApplicationpage_QCA -->
