<?xml version="1.0" encoding="UTF-8"?>
<!-- Generated by org.testng.reporters.JUnitReportReporter -->
<testsuite skipped="0" hostname="ROC-RDEVWS10" name="com.LegacyApplication.RegressionIssues.TC054_VerifyGABRAcceptInvalid_ZIP" tests="1" failures="0" timestamp="28 Feb 2019 11:33:27 GMT" time="100.848" errors="0">
  <testcase name="verify_GABR_submissionAcceptsInvalidZips" time="100.848" classname="com.LegacyApplication.RegressionIssues.TC054_VerifyGABRAcceptInvalid_ZIP"/>
</testsuite> <!-- com.LegacyApplication.RegressionIssues.TC054_VerifyGABRAcceptInvalid_ZIP -->
