<?xml version="1.0" encoding="UTF-8"?>
<!-- Generated by org.testng.reporters.JUnitReportReporter -->
<testsuite hostname="MCC-RDEVWS10" name="WorkesrCom_UI.TC102_classClodes_Page5" tests="2" failures="0" timestamp="5 Feb 2020 09:33:33 GMT" time="239.552" errors="0">
  <testcase name="ts02_locationsAddresList_verify" time="100.922" classname="WorkesrCom_UI.TC102_classClodes_Page5"/>
  <testcase name="ts01_classCode_verify" time="138.630" classname="WorkesrCom_UI.TC102_classClodes_Page5"/>
</testsuite> <!-- WorkesrCom_UI.TC102_classClodes_Page5 -->
