<?xml version="1.0" encoding="UTF-8"?>
<!-- Generated by org.testng.reporters.JUnitReportReporter -->
<testsuite skipped="0" hostname="ROC-RDEVWS07" name="com.LegacyApplication.ProductionTickets.TC034_VerifyRunningOutofPolicyNumbersQAN" tests="1" failures="0" timestamp="13 Aug 2018 09:05:44 GMT" time="233.939" errors="0">
  <testcase name="verify_running_outofpolicynumbers_QAN" time="233.939" classname="com.LegacyApplication.ProductionTickets.TC034_VerifyRunningOutofPolicyNumbersQAN"/>
</testsuite> <!-- com.LegacyApplication.ProductionTickets.TC034_VerifyRunningOutofPolicyNumbersQAN -->
