<?xml version="1.0" encoding="UTF-8"?>
<!-- Generated by org.testng.reporters.JUnitReportReporter -->
<testsuite hostname="ROC-RDEVWS10" name="com.LegacyApplication.ProductionTickets.TC085_GABRsubmission_withoutIssuePolicyOption55Res" tests="1" failures="0" timestamp="18 Jul 2019 05:43:51 GMT" time="63.513" errors="0">
  <testcase name="gabr_No_IssuePolicyOption_Resedential55" time="63.513" classname="com.LegacyApplication.ProductionTickets.TC085_GABRsubmission_withoutIssuePolicyOption55Res"/>
</testsuite> <!-- com.LegacyApplication.ProductionTickets.TC085_GABRsubmission_withoutIssuePolicyOption55Res -->
