<?xml version="1.0" encoding="UTF-8"?>
<!-- Generated by org.testng.reporters.JUnitReportReporter -->
<testsuite name="com.LegacyApplication.SubmissionPage.TC005_PrintingHeaderTabErrorMsg" tests="1" time="51.238" ignored="0" failures="0" timestamp="24 Oct 2017 10:38:12 GMT" skipped="0" hostname="ROC-RDEVWS07" errors="0">
  <testcase name="print_header_tabs_error_msgs" time="51.238" classname="com.LegacyApplication.SubmissionPage.TC005_PrintingHeaderTabErrorMsg"/>
</testsuite> <!-- com.LegacyApplication.SubmissionPage.TC005_PrintingHeaderTabErrorMsg -->
