<?xml version="1.0" encoding="UTF-8"?>
<!-- Generated by org.testng.reporters.JUnitReportReporter -->
<testsuite skipped="0" hostname="ROC-RDEVWS10" name="com.CBIC.TC103_CBIC_UI_ClassificationPage4" tests="1" failures="0" timestamp="18 Apr 2019 04:58:10 GMT" time="80.567" errors="0">
  <testcase name="cbic_ClassificationPage_Operations" time="80.567" classname="com.CBIC.TC103_CBIC_UI_ClassificationPage4"/>
</testsuite> <!-- com.CBIC.TC103_CBIC_UI_ClassificationPage4 -->
