<?xml version="1.0" encoding="UTF-8"?>
<!-- Generated by org.testng.reporters.JUnitReportReporter -->
<testsuite skipped="0" hostname="ROC-RDEVWS10" name="com.LegacyApplication.ProductionTickets.TC041_CreatingKraftLakeWholesalerGLSubmission" tests="1" failures="0" timestamp="23 Apr 2019 11:26:49 GMT" time="79.718" errors="0">
  <testcase name="create_KraftLakeWholesaler_submission" time="79.718" classname="com.LegacyApplication.ProductionTickets.TC041_CreatingKraftLakeWholesalerGLSubmission"/>
</testsuite> <!-- com.LegacyApplication.ProductionTickets.TC041_CreatingKraftLakeWholesalerGLSubmission -->
