<?xml version="1.0" encoding="UTF-8"?>
<!-- Generated by org.testng.reporters.JUnitReportReporter -->
<testsuite skipped="0" hostname="ROC-RDEVWS07" name="com.LegacyApplication.AutoRenewBrokerFee.TC026_VerifyAdditionalInsuredRequest" tests="1" failures="0" timestamp="24 May 2018 07:32:55 GMT" time="222.401" errors="0">
  <testcase name="verify_additional_insured_request" time="222.401" classname="com.LegacyApplication.AutoRenewBrokerFee.TC026_VerifyAdditionalInsuredRequest"/>
</testsuite> <!-- com.LegacyApplication.AutoRenewBrokerFee.TC026_VerifyAdditionalInsuredRequest -->
