<?xml version="1.0" encoding="UTF-8"?>
<!-- Generated by org.testng.reporters.JUnitReportReporter -->
<<<<<<< HEAD
<testsuite skipped="0" hostname="MCC-TESTPC" name="com.LegacyApplication.ProductionTickets.TC086_GABRsubmission_witoutIssuePolicyOption55Com" tests="1" failures="0" timestamp="26 Nov 2018 19:39:48 GMT" time="86.914" errors="0">
  <testcase name="gabr_No_IssuePolicyOption_Commercial55" time="86.914" classname="com.LegacyApplication.ProductionTickets.TC086_GABRsubmission_witoutIssuePolicyOption55Com"/>
=======
<<<<<<< HEAD
<testsuite skipped="0" hostname="ROC-RDEVWS10" name="com.LegacyApplication.ProductionTickets.TC086_GABRsubmission_witoutIssuePolicyOption55Com" tests="1" failures="0" timestamp="22 Nov 2018 10:39:37 GMT" time="76.797" errors="0">
  <testcase name="gabr_No_IssuePolicyOption_Commercial55" time="76.797" classname="com.LegacyApplication.ProductionTickets.TC086_GABRsubmission_witoutIssuePolicyOption55Com"/>
=======
<testsuite skipped="0" hostname="ROC-RDEVWS07" name="com.LegacyApplication.ProductionTickets.TC086_GABRsubmission_witoutIssuePolicyOption55Com" tests="1" failures="0" timestamp="26 Nov 2018 09:10:54 GMT" time="59.695" errors="0">
  <testcase name="gabr_No_IssuePolicyOption_Commercial55" time="59.695" classname="com.LegacyApplication.ProductionTickets.TC086_GABRsubmission_witoutIssuePolicyOption55Com"/>
>>>>>>> 4ab747e81e75979c8f2c9e661e218af05c789cd3
>>>>>>> f4bf318673fa39148cc6dd154998725b3877e53b
</testsuite> <!-- com.LegacyApplication.ProductionTickets.TC086_GABRsubmission_witoutIssuePolicyOption55Com -->
