<?xml version="1.0" encoding="UTF-8"?>
<!-- Generated by org.testng.reporters.JUnitReportReporter -->
<testsuite hostname="ROC-RDEVWS10" name="com.LegacyApplication.CreateSubmissions.TC089_CreateGABRSubmission" tests="1" failures="0" timestamp="6 Aug 2019 05:26:04 GMT" time="63.578" errors="0">
  <testcase name="create_GABR_submission" time="63.578" classname="com.LegacyApplication.CreateSubmissions.TC089_CreateGABRSubmission"/>
</testsuite> <!-- com.LegacyApplication.CreateSubmissions.TC089_CreateGABRSubmission -->
