<?xml version="1.0" encoding="UTF-8"?>
<!-- Generated by org.testng.reporters.JUnitReportReporter -->
<testsuite name="com.LegacyApplication.LoginPage.TestingPurpose" tests="1" time="42.104" ignored="0" failures="0" timestamp="16 Nov 2017 06:33:47 GMT" skipped="0" hostname="ROC-RDEVWS07" errors="0">
  <testcase name="verify_submission_details_information" time="42.104" classname="com.LegacyApplication.LoginPage.TestingPurpose"/>
</testsuite> <!-- com.LegacyApplication.LoginPage.TestingPurpose -->
