<?xml version="1.0" encoding="UTF-8"?>
<!-- Generated by org.testng.reporters.JUnitReportReporter -->
<testsuite skipped="0" hostname="ROC-RDEVWS10" name="com.LegacyApplication.ProductionTickets.TC060_QCAvalidateCliamSectionField" tests="1" failures="0" timestamp="28 Feb 2019 09:51:42 GMT" time="62.715" errors="0">
  <testcase name="validate_claim_section" time="62.715" classname="com.LegacyApplication.ProductionTickets.TC060_QCAvalidateCliamSectionField"/>
</testsuite> <!-- com.LegacyApplication.ProductionTickets.TC060_QCAvalidateCliamSectionField -->
