<?xml version="1.0" encoding="UTF-8"?>
<!-- Generated by org.testng.reporters.JUnitReportReporter -->
<testsuite skipped="3" hostname="ROC-RDEVWS07" name="com.LegacyApplication.AutoRenewBrokerFee.TC019_ValidateTieredBrokerFee" tests="3" failures="0" timestamp="22 Mar 2018 09:15:20 GMT" time="0.002" errors="0">
  <testcase name="verify_tiered_brokerfee_newbusiness" time="0.001" classname="com.LegacyApplication.AutoRenewBrokerFee.TC019_ValidateTieredBrokerFee">
    <skipped/>
  </testcase> <!-- verify_tiered_brokerfee_newbusiness -->
  <testcase name="setup_tiered_brokerfee" time="0.000" classname="com.LegacyApplication.AutoRenewBrokerFee.TC019_ValidateTieredBrokerFee">
    <skipped/>
  </testcase> <!-- setup_tiered_brokerfee -->
  <testcase name="verify_tiered_brokerfee_renewalbusiness" time="0.001" classname="com.LegacyApplication.AutoRenewBrokerFee.TC019_ValidateTieredBrokerFee">
    <skipped/>
  </testcase> <!-- verify_tiered_brokerfee_renewalbusiness -->
</testsuite> <!-- com.LegacyApplication.AutoRenewBrokerFee.TC019_ValidateTieredBrokerFee -->
