<?xml version="1.0" encoding="UTF-8"?>
<!-- Generated by org.testng.reporters.JUnitReportReporter -->
<testsuite name="com.LegacyApplication.SubmissionPage.TC003_VerifyGlRatingData" tests="1" time="40.720" ignored="0" failures="0" timestamp="23 Oct 2017 10:48:29 GMT" skipped="0" hostname="ROC-RDEVWS07" errors="0">
  <testcase name="verify_gi_rating_data" time="40.720" classname="com.LegacyApplication.SubmissionPage.TC003_VerifyGlRatingData"/>
</testsuite> <!-- com.LegacyApplication.SubmissionPage.TC003_VerifyGlRatingData -->
