<?xml version="1.0" encoding="UTF-8"?>
<!-- Generated by org.testng.reporters.JUnitReportReporter -->
<testsuite skipped="1" hostname="ROC-RDEVWS10" name="com.LegacyApplication.SubmissionPage.TC004_VerifyGlRatingData" tests="2" failures="0" timestamp="28 Feb 2019 11:47:42 GMT" time="81.729" errors="0">
  <testcase name="verify_admin_gi_rating_data" time="81.729" classname="com.LegacyApplication.SubmissionPage.TC004_VerifyGlRatingData"/>
  <testcase name="verify_gi_rating_data" classname="com.LegacyApplication.SubmissionPage.TC004_VerifyGlRatingData">
    <skipped/>
  </testcase> <!-- verify_gi_rating_data -->
</testsuite> <!-- com.LegacyApplication.SubmissionPage.TC004_VerifyGlRatingData -->
