<?xml version="1.0" encoding="UTF-8"?>
<!-- Generated by org.testng.reporters.JUnitReportReporter -->
<testsuite skipped="0" hostname="ROC-RDEVWS07" name="com.LegacyApplication.AutoRenewBrokerFee.TC024_DatabaseConnection" tests="1" failures="0" timestamp="10 Apr 2018 10:29:43 GMT" time="13.656" errors="0">
  <testcase name="connect_to_database" time="13.656" classname="com.LegacyApplication.AutoRenewBrokerFee.TC024_DatabaseConnection"/>
</testsuite> <!-- com.LegacyApplication.AutoRenewBrokerFee.TC024_DatabaseConnection -->
