<?xml version="1.0" encoding="UTF-8"?>
<!-- Generated by org.testng.reporters.JUnitReportReporter -->
<testsuite hostname="MCC-RDEVWS10" name="com.LegacyApplication.AutoRenewBrokerFee.TC022_ValidateDifferentTieredBrokerFeeForNewandRenewal" tests="1" failures="0" timestamp="1 Nov 2019 10:55:49 GMT" time="752.666" errors="0">
  <testcase name="setup_tiered_brokerfee" time="752.666" classname="com.LegacyApplication.AutoRenewBrokerFee.TC022_ValidateDifferentTieredBrokerFeeForNewandRenewal"/>
</testsuite> <!-- com.LegacyApplication.AutoRenewBrokerFee.TC022_ValidateDifferentTieredBrokerFeeForNewandRenewal -->
