<?xml version="1.0" encoding="UTF-8"?>
<!-- Generated by org.testng.reporters.JUnitReportReporter -->
<testsuite skipped="0" hostname="ROC-RDEVWS10" name="com.LegacyApplication.RegressionIssues.TC044_VerifyAddingNewMasterAgency" tests="1" failures="0" timestamp="23 Apr 2019 12:42:20 GMT" time="30.165" errors="0">
  <testcase name="verify_add_new_masterAgency" time="30.165" classname="com.LegacyApplication.RegressionIssues.TC044_VerifyAddingNewMasterAgency"/>
</testsuite> <!-- com.LegacyApplication.RegressionIssues.TC044_VerifyAddingNewMasterAgency -->
