<?xml version="1.0" encoding="UTF-8"?>
<!-- Generated by org.testng.reporters.JUnitReportReporter -->
<testsuite hostname="MCC-RDEVWS10" name="StarUI.TC098_Submission_MultiplePaymentOptions" tests="1" failures="0" timestamp="11 Feb 2020 11:20:27 GMT" time="197.821" errors="0">
  <testcase name="starr_paperlessFinance_payement" time="197.821" classname="StarUI.TC098_Submission_MultiplePaymentOptions"/>
</testsuite> <!-- StarUI.TC098_Submission_MultiplePaymentOptions -->
