<?xml version="1.0" encoding="UTF-8"?>
<!-- Generated by org.testng.reporters.JUnitReportReporter -->
<testsuite skipped="0" hostname="ROC-RDEVWS10" name="com.LegacyApplication.NewARProcess.TC080_VerifySoldStatusandRatingWorkSheet_BindReqPending" tests="1" failures="0" timestamp="23 Apr 2019 11:10:10 GMT" time="377.996" errors="0">
  <testcase name="verifySoldStatusandRatingWorksheet" time="377.996" classname="com.LegacyApplication.NewARProcess.TC080_VerifySoldStatusandRatingWorkSheet_BindReqPending"/>
</testsuite> <!-- com.LegacyApplication.NewARProcess.TC080_VerifySoldStatusandRatingWorkSheet_BindReqPending -->
