<?xml version="1.0" encoding="UTF-8"?>
<!-- Generated by org.testng.reporters.JUnitReportReporter -->
<testsuite skipped="0" hostname="ROC-RDEVWS07" name="com.LegcyApplication.NewARProcess.TC071_VerifySubmissionStatus_AgencyBillAutoRenewalBetaCitizens" tests="1" failures="0" timestamp="11 Oct 2018 12:03:22 GMT" time="265.884" errors="0">
  <testcase name="review_submissionStatus_SpecialAgency" time="265.884" classname="com.LegcyApplication.NewARProcess.TC071_VerifySubmissionStatus_AgencyBillAutoRenewalBetaCitizens"/>
</testsuite> <!-- com.LegcyApplication.NewARProcess.TC071_VerifySubmissionStatus_AgencyBillAutoRenewalBetaCitizens -->
