<?xml version="1.0" encoding="UTF-8"?>
<!-- Generated by org.testng.reporters.JUnitReportReporter -->
<testsuite hostname="ROC-RDEVWS10" name="com.LegacyApplication.NewARProcess.TC076_VerifySubmissionStatus_NormalAgency_PremiumFinance" tests="1" failures="0" timestamp="21 Jun 2019 10:57:06 GMT" time="384.984" errors="0">
  <testcase name="review_submissionStatus_NormalAgency_PremiumFinance" time="384.984" classname="com.LegacyApplication.NewARProcess.TC076_VerifySubmissionStatus_NormalAgency_PremiumFinance"/>
</testsuite> <!-- com.LegacyApplication.NewARProcess.TC076_VerifySubmissionStatus_NormalAgency_PremiumFinance -->
