<?xml version="1.0" encoding="UTF-8"?>
<!-- Generated by org.testng.reporters.JUnitReportReporter -->
<testsuite skipped="2" hostname="ROC-RDEVWS10" name="com.LegacyApplication.QAAFilingChanges.TC025_QAA_FilingChanges" tests="3" failures="0" timestamp="28 Feb 2019 10:34:32 GMT" time="108.908" errors="0">
  <testcase name="verify_MI_info" time="108.908" classname="com.LegacyApplication.QAAFilingChanges.TC025_QAA_FilingChanges"/>
  <testcase name="vaildate_QAA_filing_changes_prior_effectivedate" classname="com.LegacyApplication.QAAFilingChanges.TC025_QAA_FilingChanges">
    <skipped/>
  </testcase> <!-- vaildate_QAA_filing_changes_prior_effectivedate -->
  <testcase name="vaildate_QAA_filing_changes_oneffectivedate" classname="com.LegacyApplication.QAAFilingChanges.TC025_QAA_FilingChanges">
    <skipped/>
  </testcase> <!-- vaildate_QAA_filing_changes_oneffectivedate -->
</testsuite> <!-- com.LegacyApplication.QAAFilingChanges.TC025_QAA_FilingChanges -->
