<?xml version="1.0" encoding="UTF-8"?>
<!-- Generated by org.testng.reporters.JUnitReportReporter -->
<testsuite skipped="0" hostname="ROC-RDEVWS07" name="com.LegacyApplication.AutoRenewBrokerFee.TC016_ValidateFlatBrokerFee" tests="3" failures="0" timestamp="15 Mar 2018 04:48:04 GMT" time="334.590" errors="0">
  <testcase name="verify_flat_brokerfee_newbusiness" time="104.765" classname="com.LegacyApplication.AutoRenewBrokerFee.TC016_ValidateFlatBrokerFee"/>
  <testcase name="verify_flat_brokerfee_renewalbusiness" time="129.697" classname="com.LegacyApplication.AutoRenewBrokerFee.TC016_ValidateFlatBrokerFee"/>
  <testcase name="setup_flat_brokerfee" time="100.128" classname="com.LegacyApplication.AutoRenewBrokerFee.TC016_ValidateFlatBrokerFee"/>
</testsuite> <!-- com.LegacyApplication.AutoRenewBrokerFee.TC016_ValidateFlatBrokerFee -->
