<?xml version="1.0" encoding="UTF-8"?>
<!-- Generated by org.testng.reporters.JUnitReportReporter -->
<testsuite name="com.LegacyApplication.SubmissionPage.TC014_VerifyBrokerFeePageInfo" tests="1" time="15.386" ignored="0" failures="0" timestamp="13 Dec 2017 07:12:40 GMT" skipped="0" hostname="ROC-RDEVWS07" errors="0">
  <testcase name="verify_broker_fee_page_details" time="15.386" classname="com.LegacyApplication.SubmissionPage.TC014_VerifyBrokerFeePageInfo"/>
</testsuite> <!-- com.LegacyApplication.SubmissionPage.TC014_VerifyBrokerFeePageInfo -->
