<?xml version="1.0" encoding="UTF-8"?>
<!-- Generated by org.testng.reporters.JUnitReportReporter -->
<testsuite skipped="0" hostname="ROC-RDEVWS07" name="com.LegacyApplication.TLS_TestScenarios.TC031_VerifyVictoryExpressApproval" tests="1" failures="0" timestamp="06 Jun 2018 09:13:27 GMT" time="94.131" errors="0">
  <testcase name="verify_victory_express_approval" time="94.131" classname="com.LegacyApplication.TLS_TestScenarios.TC031_VerifyVictoryExpressApproval"/>
</testsuite> <!-- com.LegacyApplication.TLS_TestScenarios.TC031_VerifyVictoryExpressApproval -->
