<?xml version="1.0" encoding="UTF-8"?>
<!-- Generated by org.testng.reporters.JUnitReportReporter -->
<testsuite hostname="ROC-RDEVWS10" name="com.LegacyApplication.CreateSubmissions.TC034_CreateQANsubmission" tests="1" failures="0" timestamp="6 Aug 2019 05:08:41 GMT" time="258.229" errors="0">
  <testcase name="verify_running_outofpolicynumbers_QAN" time="258.229" classname="com.LegacyApplication.CreateSubmissions.TC034_CreateQANsubmission"/>
</testsuite> <!-- com.LegacyApplication.CreateSubmissions.TC034_CreateQANsubmission -->
