<?xml version="1.0" encoding="UTF-8"?>
<!-- Generated by org.testng.reporters.JUnitReportReporter -->
<testsuite hostname="MCC-RDEVWS10" name="com.CBIC.TC100_CBIC_UI_ContactInfoPage1" tests="2" failures="0" timestamp="12 Dec 2019 12:09:32 GMT" time="92.817" errors="0">
  <testcase name="cbic_Diff_Address" time="46.673" classname="com.CBIC.TC100_CBIC_UI_ContactInfoPage1"/>
  <testcase name="cbic_same_Address" time="46.144" classname="com.CBIC.TC100_CBIC_UI_ContactInfoPage1"/>
</testsuite> <!-- com.CBIC.TC100_CBIC_UI_ContactInfoPage1 -->
