<?xml version="1.0" encoding="UTF-8"?>
<!-- Generated by org.testng.reporters.JUnitReportReporter -->
<testsuite skipped="0" hostname="ROC-RDEVWS07" name="com.LegacyApplication.RegressionIssues.TC056_CreateExcessRaterQEXR" tests="1" failures="0" timestamp="04 Dec 2018 09:20:27 GMT" time="55.028" errors="0">
  <testcase name="createQEXR" time="55.028" classname="com.LegacyApplication.RegressionIssues.TC056_CreateExcessRaterQEXR"/>
</testsuite> <!-- com.LegacyApplication.RegressionIssues.TC056_CreateExcessRaterQEXR -->
