<?xml version="1.0" encoding="UTF-8"?>
<!-- Generated by org.testng.reporters.JUnitReportReporter -->
<testsuite skipped="0" hostname="ROC-RDEVWS10" name="com.LegacyApplication.ProductionTickets.TC061_RegisterProducer_VerifyAffliationChanges" tests="1" failures="0" timestamp="23 Apr 2019 12:10:56 GMT" time="25.815" errors="0">
  <testcase name="verify_affiliation_changes" time="25.815" classname="com.LegacyApplication.ProductionTickets.TC061_RegisterProducer_VerifyAffliationChanges"/>
</testsuite> <!-- com.LegacyApplication.ProductionTickets.TC061_RegisterProducer_VerifyAffliationChanges -->
