<?xml version="1.0" encoding="UTF-8"?>
<!-- Generated by org.testng.reporters.JUnitReportReporter -->
<testsuite hostname="ROC-RDEVWS10" name="com.LegacyApplication.CreateSubmissions.TC090_CreateInlandMarineSubmission" tests="1" failures="0" timestamp="6 Aug 2019 05:29:27 GMT" time="51.200" errors="0">
  <testcase name="create_QNI_Submission" time="51.200" classname="com.LegacyApplication.CreateSubmissions.TC090_CreateInlandMarineSubmission"/>
</testsuite> <!-- com.LegacyApplication.CreateSubmissions.TC090_CreateInlandMarineSubmission -->
