<?xml version="1.0" encoding="UTF-8"?>
<!-- Generated by org.testng.reporters.JUnitReportReporter -->
<<<<<<< HEAD
<testsuite skipped="0" hostname="ROC-RDEVWS07" name="WorkesrCom_UI.TC098_CreateWC_submission" tests="1" failures="0" timestamp="12 Mar 2019 10:19:36 GMT" time="34.141" errors="0">
  <testcase name="workersCom_submission" time="34.141" classname="WorkesrCom_UI.TC098_CreateWC_submission"/>
=======
<<<<<<< HEAD
<testsuite skipped="0" hostname="MCC-TESTPC" name="WorkesrCom_UI.TC098_CreateWC_submission" tests="2" failures="0" timestamp="08 Mar 2019 19:01:09 GMT" time="46.727" errors="0">
  <testcase name="workersCom_submission_diff" time="20.892" classname="WorkesrCom_UI.TC098_CreateWC_submission"/>
  <testcase name="workersCom_submission" time="25.835" classname="WorkesrCom_UI.TC098_CreateWC_submission"/>
=======
<<<<<<< HEAD
<testsuite skipped="0" hostname="ROC-RDEVWS10" name="WorkesrCom_UI.TC098_CreateWC_submission" tests="1" failures="0" timestamp="11 Mar 2019 12:17:55 GMT" time="33.739" errors="0">
  <testcase name="workersCom_submission" time="33.739" classname="WorkesrCom_UI.TC098_CreateWC_submission"/>
=======
<<<<<<< HEAD
<testsuite skipped="0" hostname="MCC-TESTPC" name="WorkesrCom_UI.TC098_CreateWC_submission" tests="1" failures="0" timestamp="07 Mar 2019 10:09:50 GMT" time="31.034" errors="0">
  <testcase name="workersCom_submission" time="31.034" classname="WorkesrCom_UI.TC098_CreateWC_submission"/>
=======
<testsuite skipped="0" hostname="ROC-RDEVWS10" name="WorkesrCom_UI.TC098_CreateWC_submission" tests="1" failures="0" timestamp="08 Mar 2019 13:00:17 GMT" time="31.231" errors="0">
  <testcase name="workersCom_submission" time="31.231" classname="WorkesrCom_UI.TC098_CreateWC_submission"/>
>>>>>>> bd5c5b794fcb6f320c7506c5cdff8e1e979d751c
>>>>>>> 5c8457706b9727ea9e56217aa03103377e5b2099
>>>>>>> d47ab5f40dcc36aa6a3c85502d122a0bcdb7df85
>>>>>>> f27d95b3cc7a7f7adcbbb6d1e62cd5b4d407d367
</testsuite> <!-- WorkesrCom_UI.TC098_CreateWC_submission -->
