<?xml version="1.0" encoding="UTF-8"?>
<!-- Generated by org.testng.reporters.JUnitReportReporter -->
<testsuite hostname="MCC-RDEVWS10" name="com.CBIC.TC118_CBIC_UI_New" tests="1" failures="0" timestamp="18 Feb 2020 11:25:11 GMT" time="200.685" errors="0">
  <testcase name="cbic_UI" time="200.685" classname="com.CBIC.TC118_CBIC_UI_New"/>
</testsuite> <!-- com.CBIC.TC118_CBIC_UI_New -->
