<?xml version="1.0" encoding="UTF-8"?>
<!-- Generated by org.testng.reporters.JUnitReportReporter -->
<testsuite skipped="0" hostname="ROC-RDEVWS07" name="com.LegacyApplication.AutoRenewBrokerFee.TC023_CreateQAARenewal" tests="1" failures="0" timestamp="17 Apr 2018 06:13:26 GMT" time="279.677" errors="0">
  <testcase name="create_submission_and_renewal" time="279.677" classname="com.LegacyApplication.AutoRenewBrokerFee.TC023_CreateQAARenewal"/>
</testsuite> <!-- com.LegacyApplication.AutoRenewBrokerFee.TC023_CreateQAARenewal -->
