<?xml version="1.0" encoding="UTF-8"?>
<!-- Generated by org.testng.reporters.JUnitReportReporter -->
<testsuite name="com.LegacyApplication.SubmissionPage.TC004_VerifyHeaderTabs" tests="1" time="37.853" ignored="0" failures="0" timestamp="24 Oct 2017 07:11:15 GMT" skipped="0" hostname="ROC-RDEVWS07" errors="0">
  <testcase name="verify_header_tabs" time="37.853" classname="com.LegacyApplication.SubmissionPage.TC004_VerifyHeaderTabs"/>
</testsuite> <!-- com.LegacyApplication.SubmissionPage.TC004_VerifyHeaderTabs -->
