<?xml version="1.0" encoding="UTF-8"?>
<!-- Generated by org.testng.reporters.JUnitReportReporter -->
<testsuite hostname="MCC-RDEVWS10" name="WorkesrCom_UI.TC099_BusinessInfoPage2_WC" tests="3" failures="0" timestamp="5 Feb 2020 09:33:33 GMT" time="281.045" errors="0">
  <testcase name="ts04_page2Validatios_Test" time="95.772" classname="WorkesrCom_UI.TC099_BusinessInfoPage2_WC"/>
  <testcase name="ts01_businessInfo_Crude_Page2" time="77.731" classname="WorkesrCom_UI.TC099_BusinessInfoPage2_WC"/>
  <testcase name="ts02_limits_page2" time="107.542" classname="WorkesrCom_UI.TC099_BusinessInfoPage2_WC"/>
</testsuite> <!-- WorkesrCom_UI.TC099_BusinessInfoPage2_WC -->
