<?xml version="1.0" encoding="UTF-8"?>
<!-- Generated by org.testng.reporters.JUnitReportReporter -->
<testsuite hostname="ROC-RDEVWS10" name="com.LegacyApplication.CreateSubmissions.TC056_CreateExcessRaterQEXR" tests="1" failures="0" timestamp="6 Aug 2019 05:23:38 GMT" time="108.674" errors="0">
  <testcase name="createQEXR" time="108.674" classname="com.LegacyApplication.CreateSubmissions.TC056_CreateExcessRaterQEXR"/>
</testsuite> <!-- com.LegacyApplication.CreateSubmissions.TC056_CreateExcessRaterQEXR -->
