<?xml version="1.0" encoding="UTF-8"?>
<!-- Generated by org.testng.reporters.JUnitReportReporter -->
<testsuite hostname="MCC-RDEVWS10" name="WorkesrCom_UI.TC114_Xmod_ReferalCheck" tests="2" failures="0" timestamp="18 Feb 2020 13:10:05 GMT" time="567.049" errors="0">
  <testcase name="ts02_exMod_EmolyersVerify" time="285.685" classname="WorkesrCom_UI.TC114_Xmod_ReferalCheck"/>
  <testcase name="ts01_exMod_referal_AMtrustverify" time="281.364" classname="WorkesrCom_UI.TC114_Xmod_ReferalCheck"/>
</testsuite> <!-- WorkesrCom_UI.TC114_Xmod_ReferalCheck -->
