<?xml version="1.0" encoding="UTF-8"?>
<!-- Generated by org.testng.reporters.JUnitReportReporter -->
<testsuite skipped="0" hostname="ROC-RDEVWS07" name="com.LegcyApplication.NewARProcess.TC076_VerifySubmissionStatus_NormalAgency_PremiumFinance" tests="1" failures="0" timestamp="19 Oct 2018 05:33:42 GMT" time="389.975" errors="0">
  <testcase name="review_submissionStatus_NormalAgency_PremiumFinance" time="389.975" classname="com.LegcyApplication.NewARProcess.TC076_VerifySubmissionStatus_NormalAgency_PremiumFinance"/>
</testsuite> <!-- com.LegcyApplication.NewARProcess.TC076_VerifySubmissionStatus_NormalAgency_PremiumFinance -->
