<?xml version="1.0" encoding="UTF-8"?>
<!-- Generated by org.testng.reporters.JUnitReportReporter -->
<testsuite skipped="0" hostname="ROC-RDEVWS07" name="com.LegcyApplication.NewARProcess.TC073_VerifySubmissionStatus_AgencyBillAutoRenewalBetaCitizens_PremiumFinance" tests="1" failures="0" timestamp="17 Oct 2018 11:11:59 GMT" time="335.417" errors="0">
  <testcase name="review_submissionStatus_SpecialAgency_AgencyFinance" time="335.417" classname="com.LegcyApplication.NewARProcess.TC073_VerifySubmissionStatus_AgencyBillAutoRenewalBetaCitizens_PremiumFinance"/>
</testsuite> <!-- com.LegcyApplication.NewARProcess.TC073_VerifySubmissionStatus_AgencyBillAutoRenewalBetaCitizens_PremiumFinance -->
