<?xml version="1.0" encoding="UTF-8"?>
<!-- Generated by org.testng.reporters.JUnitReportReporter -->
<testsuite skipped="0" hostname="ROC-RDEVWS07" name="com.LegacyApplication.AutoRenewBrokerFee.TC018_ValidateTieredBrokerFee" tests="3" failures="0" timestamp="15 Mar 2018 04:48:04 GMT" time="309.812" errors="0">
  <testcase name="verify_tiered_brokerfee_renewalbusiness" time="123.027" classname="com.LegacyApplication.AutoRenewBrokerFee.TC018_ValidateTieredBrokerFee"/>
  <testcase name="verify_tiered_brokerfee_newbusiness" time="102.173" classname="com.LegacyApplication.AutoRenewBrokerFee.TC018_ValidateTieredBrokerFee"/>
  <testcase name="setup_tiered_brokerfee" time="84.612" classname="com.LegacyApplication.AutoRenewBrokerFee.TC018_ValidateTieredBrokerFee"/>
</testsuite> <!-- com.LegacyApplication.AutoRenewBrokerFee.TC018_ValidateTieredBrokerFee -->
