<?xml version="1.0" encoding="UTF-8"?>
<!-- Generated by org.testng.reporters.JUnitReportReporter -->
<testsuite hostname="MCC-RDEVWS10" name="com.LegacyApplication.ProductionTickets.TC040_VerifyWCShiftPixyAvailability" tests="1" failures="0" timestamp="24 Oct 2019 06:46:31 GMT" time="51.205" errors="0">
  <testcase name="verify_shiftpixy_availability" time="51.205" classname="com.LegacyApplication.ProductionTickets.TC040_VerifyWCShiftPixyAvailability"/>
</testsuite> <!-- com.LegacyApplication.ProductionTickets.TC040_VerifyWCShiftPixyAvailability -->
