<?xml version="1.0" encoding="UTF-8"?>
<!-- Generated by org.testng.reporters.JUnitReportReporter -->
<testsuite hostname="MCC-RDEVWS10" name="StarUI.TC092_CreateStarr_SmallMarine_Sub" tests="1" failures="0" timestamp="12 Dec 2019 05:12:14 GMT" time="206.790" errors="0">
  <testcase name="starr_SmallArt_Submission" time="206.790" classname="StarUI.TC092_CreateStarr_SmallMarine_Sub"/>
</testsuite> <!-- StarUI.TC092_CreateStarr_SmallMarine_Sub -->
