<?xml version="1.0" encoding="UTF-8"?>
<!-- Generated by org.testng.reporters.JUnitReportReporter -->
<testsuite skipped="0" hostname="ROC-RDEVWS10" name="com.LegacyApplication.NewARProcess.TC073_VerifySubmissionStatus_AgencyBill_PremiumFinance" tests="1" failures="0" timestamp="23 Apr 2019 11:10:10 GMT" time="410.231" errors="0">
  <testcase name="review_submissionStatus_SpecialAgency_AgencyFinance" time="410.231" classname="com.LegacyApplication.NewARProcess.TC073_VerifySubmissionStatus_AgencyBill_PremiumFinance"/>
</testsuite> <!-- com.LegacyApplication.NewARProcess.TC073_VerifySubmissionStatus_AgencyBill_PremiumFinance -->
