<?xml version="1.0" encoding="UTF-8"?>
<!-- Generated by org.testng.reporters.JUnitReportReporter -->
<testsuite hostname="MCC-RDEVWS10" name="WorkesrCom_UI.TC101_LossInformation_1_2_Page4" tests="3" failures="0" timestamp="5 Feb 2020 09:33:33 GMT" time="231.880" errors="0">
  <testcase name="ts01_lossInfo_page4_Zero" time="70.311" classname="WorkesrCom_UI.TC101_LossInformation_1_2_Page4"/>
  <testcase name="ts03_with3claimCount" time="90.639" classname="WorkesrCom_UI.TC101_LossInformation_1_2_Page4"/>
  <testcase name="ts02_dateRangeValidation" time="70.930" classname="WorkesrCom_UI.TC101_LossInformation_1_2_Page4"/>
</testsuite> <!-- WorkesrCom_UI.TC101_LossInformation_1_2_Page4 -->
