<?xml version="1.0" encoding="UTF-8"?>
<!-- Generated by org.testng.reporters.JUnitReportReporter -->
<testsuite name="com.LegacyApplication.LoginPage.TC003_TestExcel" tests="1" time="1.412" ignored="0" failures="0" timestamp="23 Oct 2017 08:53:17 GMT" skipped="0" hostname="ROC-RDEVWS07" errors="0">
  <testcase name="TestExcel" time="1.412" classname="com.LegacyApplication.LoginPage.TC003_TestExcel"/>
</testsuite> <!-- com.LegacyApplication.LoginPage.TC003_TestExcel -->
