<?xml version="1.0" encoding="UTF-8"?>
<!-- Generated by org.testng.reporters.JUnitReportReporter -->
<testsuite hostname="MCC-RDEVWS10" name="clearSpring.TC115_ClearSpringPage" tests="1" failures="0" timestamp="21 Nov 2019 12:02:45 GMT" time="426.710" errors="0">
  <testcase name="ts02_QCS_upTo_Submit_multiState" time="426.710" classname="clearSpring.TC115_ClearSpringPage"/>
</testsuite> <!-- clearSpring.TC115_ClearSpringPage -->
