<?xml version="1.0" encoding="UTF-8"?>
<!-- Generated by org.testng.reporters.JUnitReportReporter -->
<testsuite skipped="0" hostname="ROC-RDEVWS10" name="com.LegacyApplication.ProductionTickets.TC030_VerifyFraudWarninginQNIApplication" tests="1" failures="0" timestamp="28 Feb 2019 09:05:32 GMT" time="103.540" errors="0">
  <testcase name="verify_fraud_warning_in_QNI" time="103.540" classname="com.LegacyApplication.ProductionTickets.TC030_VerifyFraudWarninginQNIApplication"/>
</testsuite> <!-- com.LegacyApplication.ProductionTickets.TC030_VerifyFraudWarninginQNIApplication -->
