<?xml version="1.0" encoding="UTF-8"?>
<!-- Generated by org.testng.reporters.JUnitReportReporter -->
<testsuite skipped="1" hostname="ROC-RDEVWS07" name="com.LegacyApplication.SubmissionPage.TC011_VerifySubmissionDetailsInformation" tests="1" failures="0" timestamp="26 Apr 2018 11:02:06 GMT" time="0.000" errors="0">
  <testcase name="verify_sold_and_unsold_submission_details_information" time="0.000" classname="com.LegacyApplication.SubmissionPage.TC011_VerifySubmissionDetailsInformation">
    <skipped/>
  </testcase> <!-- verify_sold_and_unsold_submission_details_information -->
</testsuite> <!-- com.LegacyApplication.SubmissionPage.TC011_VerifySubmissionDetailsInformation -->
