<?xml version="1.0" encoding="UTF-8"?>
<!-- Generated by org.testng.reporters.JUnitReportReporter -->
<testsuite skipped="0" hostname="ROC-RDEVWS10" name="com.LegacyApplication.RegressionIssues.TC052_VerifyZipCodeWhileFilling_IM_QNI" tests="1" failures="0" timestamp="23 Apr 2019 12:48:38 GMT" time="58.103" errors="0">
  <testcase name="verify_zipcode_IM" time="58.103" classname="com.LegacyApplication.RegressionIssues.TC052_VerifyZipCodeWhileFilling_IM_QNI"/>
</testsuite> <!-- com.LegacyApplication.RegressionIssues.TC052_VerifyZipCodeWhileFilling_IM_QNI -->
