<?xml version="1.0" encoding="UTF-8"?>
<!-- Generated by org.testng.reporters.JUnitReportReporter -->
<testsuite name="com.TestingPurpose.TestingPurpose" tests="1" time="38.176" ignored="0" failures="0" timestamp="29 Nov 2017 07:20:35 GMT" skipped="0" hostname="ROC-RDEVWS07" errors="0">
  <testcase name="verify_submission_details_information" time="38.176" classname="com.TestingPurpose.TestingPurpose"/>
</testsuite> <!-- com.TestingPurpose.TestingPurpose -->
