<?xml version="1.0" encoding="UTF-8"?>
<!-- Generated by org.testng.reporters.JUnitReportReporter -->
<testsuite hostname="ROC-RDEVWS10" name="com.LegacyApplication.CreateSubmissions.TC035_CreateQACsubmission" tests="1" failures="0" timestamp="6 Aug 2019 05:14:10 GMT" time="274.170" errors="0">
  <testcase name="verify_running_outofpolicynumbers_QAC" time="274.170" classname="com.LegacyApplication.CreateSubmissions.TC035_CreateQACsubmission"/>
</testsuite> <!-- com.LegacyApplication.CreateSubmissions.TC035_CreateQACsubmission -->
