<?xml version="1.0" encoding="UTF-8"?>
<!-- Generated by org.testng.reporters.JUnitReportReporter -->
<<<<<<< HEAD
<testsuite skipped="0" hostname="ROC-RDEVWS10" name="com.LegacyApplication.RegressionIssues.TC060_VerifyVictoryCommercialAuto" tests="1" failures="0" timestamp="13 Aug 2018 12:50:43 GMT" time="208.106" errors="0">
  <testcase name="createQCA" time="208.106" classname="com.LegacyApplication.RegressionIssues.TC060_VerifyVictoryCommercialAuto"/>
=======
<<<<<<< HEAD
<testsuite skipped="0" hostname="ROC-RDEVWS07" name="com.LegacyApplication.RegressionIssues.TC060_VerifyVictoryCommercialAuto" tests="1" failures="0" timestamp="14 Aug 2018 09:29:23 GMT" time="186.815" errors="0">
  <testcase name="createQCA" time="186.815" classname="com.LegacyApplication.RegressionIssues.TC060_VerifyVictoryCommercialAuto"/>
=======
<testsuite skipped="0" hostname="ROC-RDEVWS10" name="com.LegacyApplication.RegressionIssues.TC060_VerifyVictoryCommercialAuto" tests="1" failures="0" timestamp="10 Aug 2018 12:52:05 GMT" time="207.767" errors="0">
  <testcase name="createQCA" time="207.767" classname="com.LegacyApplication.RegressionIssues.TC060_VerifyVictoryCommercialAuto"/>
>>>>>>> 34c9c150834dbed8be3d5df42f99e512a1b0cdd4
>>>>>>> 217b57a4938f764f555ca1b9966d31d709b173ea
</testsuite> <!-- com.LegacyApplication.RegressionIssues.TC060_VerifyVictoryCommercialAuto -->
