<?xml version="1.0" encoding="UTF-8"?>
<!-- Generated by org.testng.reporters.JUnitReportReporter -->
<testsuite hostname="MCC-RDEVWS10" name="com.LegacyApplication.AutoRenewBrokerFee.TC016_ValidateNoDefaultBrokerFee" tests="1" failures="0" timestamp="1 Nov 2019 10:55:49 GMT" time="846.557" errors="0">
  <testcase name="validate_nodefault_brokerfee" time="846.557" classname="com.LegacyApplication.AutoRenewBrokerFee.TC016_ValidateNoDefaultBrokerFee"/>
</testsuite> <!-- com.LegacyApplication.AutoRenewBrokerFee.TC016_ValidateNoDefaultBrokerFee -->
