<?xml version="1.0" encoding="UTF-8"?>
<!-- Generated by org.testng.reporters.JUnitReportReporter -->
<testsuite hostname="MCC-RDEVWS10" name="com.CBIC.TC105_CBIC_UI_SupplementalPage6" tests="1" failures="0" timestamp="7 Jan 2020 10:19:59 GMT" time="125.556" errors="0">
  <testcase name="cbic_supplemental" time="125.556" classname="com.CBIC.TC105_CBIC_UI_SupplementalPage6"/>
</testsuite> <!-- com.CBIC.TC105_CBIC_UI_SupplementalPage6 -->
