<?xml version="1.0" encoding="UTF-8"?>
<!-- Generated by org.testng.reporters.JUnitReportReporter -->
<<<<<<< HEAD
<testsuite skipped="0" hostname="ROC-RDEVWS10" name="com.LegcyApplication.NewARProcess.TC071_VerifySubmissionStatus_AgencyBillAutoRenewalBetaCitizens_DirectBill" tests="1" failures="0" timestamp="19 Oct 2018 09:41:28 GMT" time="404.697" errors="0">
  <testcase name="review_submissionStatus_SpecialAgency_DirectBill" time="404.697" classname="com.LegcyApplication.NewARProcess.TC071_VerifySubmissionStatus_AgencyBillAutoRenewalBetaCitizens_DirectBill"/>
=======
<testsuite skipped="0" hostname="ROC-RDEVWS07" name="com.LegcyApplication.NewARProcess.TC071_VerifySubmissionStatus_AgencyBillAutoRenewalBetaCitizens_DirectBill" tests="1" failures="0" timestamp="19 Oct 2018 09:41:40 GMT" time="396.232" errors="0">
  <testcase name="review_submissionStatus_SpecialAgency_DirectBill" time="396.232" classname="com.LegcyApplication.NewARProcess.TC071_VerifySubmissionStatus_AgencyBillAutoRenewalBetaCitizens_DirectBill"/>
>>>>>>> 12669c9630db9a2dc04e735fe38c21fc738de29b
</testsuite> <!-- com.LegcyApplication.NewARProcess.TC071_VerifySubmissionStatus_AgencyBillAutoRenewalBetaCitizens_DirectBill -->
