<?xml version="1.0" encoding="UTF-8"?>
<!-- Generated by org.testng.reporters.JUnitReportReporter -->
<testsuite hostname="MCC-RDEVWS10" name="com.CBIC.TC119_CBIC_UI_New_preApp" tests="1" failures="0" timestamp="18 Feb 2020 11:28:33 GMT" time="186.314" errors="0">
  <testcase name="cbic_UI" time="186.314" classname="com.CBIC.TC119_CBIC_UI_New_preApp"/>
</testsuite> <!-- com.CBIC.TC119_CBIC_UI_New_preApp -->
