<?xml version="1.0" encoding="UTF-8"?>
<!-- Generated by org.testng.reporters.JUnitReportReporter -->
<testsuite skipped="0" hostname="ROC-RDEVWS07" name="com.LegcyApplication.NewARProcess.TC075_VerifySubmissionStatus_NormalAgency_AgencyFinance" tests="1" failures="0" timestamp="17 Oct 2018 07:43:13 GMT" time="340.200" errors="0">
  <testcase name="review_submissionStatus_NormalAgency_AgencyFinance" time="340.200" classname="com.LegcyApplication.NewARProcess.TC075_VerifySubmissionStatus_NormalAgency_AgencyFinance"/>
</testsuite> <!-- com.LegcyApplication.NewARProcess.TC075_VerifySubmissionStatus_NormalAgency_AgencyFinance -->
