<?xml version="1.0" encoding="UTF-8"?>
<!-- Generated by org.testng.reporters.JUnitReportReporter -->
<testsuite hostname="ROC-RDEVWS10" name="com.LegacyApplication.ProductionTickets.TC069_VerifyAvailabilityOfRenewalLetterOption" tests="1" failures="0" timestamp="18 Jul 2019 05:57:24 GMT" time="377.166" errors="0">
  <testcase name="review_submissionStatus_SpecialAgency_AgencyFinance" time="377.166" classname="com.LegacyApplication.ProductionTickets.TC069_VerifyAvailabilityOfRenewalLetterOption"/>
</testsuite> <!-- com.LegacyApplication.ProductionTickets.TC069_VerifyAvailabilityOfRenewalLetterOption -->
