<?xml version="1.0" encoding="UTF-8"?>
<!-- Generated by org.testng.reporters.JUnitReportReporter -->
<testsuite hostname="MCC-RDEVWS10" name="StarUI.TC097_CreateSub_Diff_BusinessNmailAddress" tests="1" failures="0" timestamp="12 Dec 2019 05:12:14 GMT" time="200.192" errors="0">
  <testcase name="starr_submissionWithDifferentAddress" time="200.192" classname="StarUI.TC097_CreateSub_Diff_BusinessNmailAddress"/>
</testsuite> <!-- StarUI.TC097_CreateSub_Diff_BusinessNmailAddress -->
