<?xml version="1.0" encoding="UTF-8"?>
<!-- Generated by org.testng.reporters.JUnitReportReporter -->
<testsuite skipped="0" hostname="ROC-RDEVWS10" name="com.LegacyApplication.LoginPage.TC002_LoginAsAdmin" tests="1" failures="0" timestamp="28 Feb 2019 05:48:37 GMT" time="17.635" errors="0">
  <testcase name="login_as_admin" time="17.635" classname="com.LegacyApplication.LoginPage.TC002_LoginAsAdmin"/>
</testsuite> <!-- com.LegacyApplication.LoginPage.TC002_LoginAsAdmin -->
