<?xml version="1.0" encoding="UTF-8"?>
<!-- Generated by org.testng.reporters.JUnitReportReporter -->
<testsuite skipped="0" hostname="ROC-RDEVWS07" name="com.RegistrationProcess.TC_111_registrationFlow" tests="1" failures="0" timestamp="01 Aug 2019 09:57:02 GMT" time="91.877" errors="0">
  <testcase name="workersCom_same_Address" time="91.877" classname="com.RegistrationProcess.TC_111_registrationFlow"/>
</testsuite> <!-- com.RegistrationProcess.TC_111_registrationFlow -->
