<?xml version="1.0" encoding="UTF-8"?>
<!-- Generated by org.testng.reporters.JUnitReportReporter -->
<testsuite skipped="0" hostname="ROC-RDEVWS07" name="com.TestingPurpose.TestExcel" tests="1" failures="0" timestamp="16 Apr 2018 10:47:07 GMT" time="1.706" errors="0">
  <testcase name="TestingExcel" time="1.706" classname="com.TestingPurpose.TestExcel"/>
</testsuite> <!-- com.TestingPurpose.TestExcel -->
