<?xml version="1.0" encoding="UTF-8"?>
<!-- Generated by org.testng.reporters.JUnitReportReporter -->
<testsuite hostname="MCC-RDEVWS10" name="StarUI.TC095_Validate_Deductible" tests="1" failures="0" timestamp="20 Jan 2020 07:17:00 GMT" time="233.716" errors="0">
  <testcase name="validate_deuctible" time="233.716" classname="StarUI.TC095_Validate_Deductible"/>
</testsuite> <!-- StarUI.TC095_Validate_Deductible -->
