<?xml version="1.0" encoding="UTF-8"?>
<!-- Generated by org.testng.reporters.JUnitReportReporter -->
<testsuite hostname="ROC-RDEVWS10" name="com.LegacyApplication.ProductionTickets.TC086_GABRsubmission_withoutIssuePolicyOption55Com" tests="1" failures="0" timestamp="18 Jul 2019 05:42:17 GMT" time="63.780" errors="0">
  <testcase name="gabr_No_IssuePolicyOption_Commercial55" time="63.780" classname="com.LegacyApplication.ProductionTickets.TC086_GABRsubmission_withoutIssuePolicyOption55Com"/>
</testsuite> <!-- com.LegacyApplication.ProductionTickets.TC086_GABRsubmission_withoutIssuePolicyOption55Com -->
