<?xml version="1.0" encoding="UTF-8"?>
<!-- Generated by org.testng.reporters.JUnitReportReporter -->
<testsuite hostname="MCC-RDEVWS10" name="com.LegacyApplication.AutoRenewBrokerFee.TC019_ValidateSamePercentageBrokerFeeForNewandRenewal" tests="1" failures="0" timestamp="1 Nov 2019 10:55:49 GMT" time="726.655" errors="0">
  <testcase name="setup_percentage_brokerfee" time="726.655" classname="com.LegacyApplication.AutoRenewBrokerFee.TC019_ValidateSamePercentageBrokerFeeForNewandRenewal"/>
</testsuite> <!-- com.LegacyApplication.AutoRenewBrokerFee.TC019_ValidateSamePercentageBrokerFeeForNewandRenewal -->
