<?xml version="1.0" encoding="UTF-8"?>
<!-- Generated by org.testng.reporters.JUnitReportReporter -->
<testsuite hostname="MCC-RDEVWS10" name="clearSpring.TC_117_CS_upTo_SOLD" tests="1" failures="0" timestamp="16 Dec 2019 08:48:09 GMT" time="457.066" errors="0">
  <testcase name="ts03_QCS_upTo_SOLD" time="457.066" classname="clearSpring.TC_117_CS_upTo_SOLD"/>
</testsuite> <!-- clearSpring.TC_117_CS_upTo_SOLD -->
