<?xml version="1.0" encoding="UTF-8"?>
<!-- Generated by org.testng.reporters.JUnitReportReporter -->
<testsuite hostname="MCC-RDEVWS10" name="WorkesrCom_UI.TC109_PaymentPageVerify" tests="1" failures="0" timestamp="24 Dec 2019 07:34:38 GMT" time="318.321" errors="0">
  <testcase name="ts01_employer_PayemnetPlan_verify" time="318.321" classname="WorkesrCom_UI.TC109_PaymentPageVerify"/>
</testsuite> <!-- WorkesrCom_UI.TC109_PaymentPageVerify -->
