<?xml version="1.0" encoding="UTF-8"?>
<!-- Generated by org.testng.reporters.JUnitReportReporter -->
<testsuite skipped="0" hostname="ROC-RDEVWS10" name="com.LegacyApplication.RegressionIssues.TC045_VerifyingZipCodeWhileFillingWC" tests="1" failures="0" timestamp="28 Feb 2019 10:49:28 GMT" time="121.810" errors="0">
  <testcase name="verify_zipcode_wc" time="121.810" classname="com.LegacyApplication.RegressionIssues.TC045_VerifyingZipCodeWhileFillingWC"/>
</testsuite> <!-- com.LegacyApplication.RegressionIssues.TC045_VerifyingZipCodeWhileFillingWC -->
