<?xml version="1.0" encoding="UTF-8"?>
<!-- Generated by org.testng.reporters.JUnitReportReporter -->
<testsuite skipped="0" hostname="ROC-RDEVWS10" name="com.LegacyApplication.ProductionTickets.TC066_EditButtononMangeUserAdminEnd" tests="1" failures="0" timestamp="23 Apr 2019 12:17:22 GMT" time="37.195" errors="0">
  <testcase name="verify_EditButton_ManageUser_AdminEnd" time="37.195" classname="com.LegacyApplication.ProductionTickets.TC066_EditButtononMangeUserAdminEnd"/>
</testsuite> <!-- com.LegacyApplication.ProductionTickets.TC066_EditButtononMangeUserAdminEnd -->
