<?xml version="1.0" encoding="UTF-8"?>
<!-- Generated by org.testng.reporters.JUnitReportReporter -->
<testsuite skipped="0" hostname="ROC-RDEVWS07" name="com.LegacyApplication.AutoRenewBrokerFee.TC027_VerifyMakeaPaymentOption" tests="1" failures="0" timestamp="29 May 2018 11:05:40 GMT" time="273.115" errors="0">
  <testcase name="verify_make_payment_option" time="273.115" classname="com.LegacyApplication.AutoRenewBrokerFee.TC027_VerifyMakeaPaymentOption"/>
</testsuite> <!-- com.LegacyApplication.AutoRenewBrokerFee.TC027_VerifyMakeaPaymentOption -->
