<?xml version="1.0" encoding="UTF-8"?>
<!-- Generated by org.testng.reporters.JUnitReportReporter -->
<<<<<<< HEAD
<testsuite skipped="0" hostname="MCC-TESTPC" name="com.LegacyApplication.ProductionTickets.TC033_CreateQAAsubmission" tests="1" failures="0" timestamp="14 Nov 2018 06:32:47 GMT" time="271.526" errors="0">
  <testcase name="verify_running_outofpolicynumbers_QAA" time="271.526" classname="com.LegacyApplication.ProductionTickets.TC033_CreateQAAsubmission"/>
=======
<testsuite skipped="0" hostname="ROC-RDEVWS07" name="com.LegacyApplication.ProductionTickets.TC033_CreateQAAsubmission" tests="1" failures="0" timestamp="19 Nov 2018 12:13:17 GMT" time="123.033" errors="0">
  <testcase name="verify_running_outofpolicynumbers_QAA" time="123.033" classname="com.LegacyApplication.ProductionTickets.TC033_CreateQAAsubmission"/>
>>>>>>> 01f6c7c53117b9debf0479e60efbcdfd4c8fc0cf
</testsuite> <!-- com.LegacyApplication.ProductionTickets.TC033_CreateQAAsubmission -->
