<?xml version="1.0" encoding="UTF-8"?>
<!-- Generated by org.testng.reporters.JUnitReportReporter -->
<testsuite hostname="MCC-RDEVWS10" name="com.LegacyApplication.AutoRenewBrokerFee.TC023_NonBetaAgencyRenewalLetter" tests="1" failures="0" timestamp="1 Nov 2019 10:55:49 GMT" time="415.594" errors="0">
  <testcase name="verify_nonBetaAgency_RenewalLetter" time="415.594" classname="com.LegacyApplication.AutoRenewBrokerFee.TC023_NonBetaAgencyRenewalLetter"/>
</testsuite> <!-- com.LegacyApplication.AutoRenewBrokerFee.TC023_NonBetaAgencyRenewalLetter -->
