<?xml version="1.0" encoding="UTF-8"?>
<!-- Generated by org.testng.reporters.JUnitReportReporter -->
<testsuite skipped="0" hostname="ROC-RDEVWS07" name="com.LegacyApplication.TLS_TestScenarios.TC026_VerifyAdditionalInsuredRequest" tests="1" failures="0" timestamp="01 Jun 2018 09:09:31 GMT" time="260.701" errors="0">
  <testcase name="verify_additional_insured_request" time="260.701" classname="com.LegacyApplication.TLS_TestScenarios.TC026_VerifyAdditionalInsuredRequest"/>
</testsuite> <!-- com.LegacyApplication.TLS_TestScenarios.TC026_VerifyAdditionalInsuredRequest -->
