<?xml version="1.0" encoding="UTF-8"?>
<!-- Generated by org.testng.reporters.JUnitReportReporter -->
<testsuite hostname="ROC-RDEVWS10" name="com.LegacyApplication.ProductionTickets.TC067_VerifyBindingDoc_QNI" tests="1" failures="0" timestamp="18 Jul 2019 06:10:16 GMT" time="169.810" errors="0">
  <testcase name="verify_BinidingDocfor_QNI" time="169.810" classname="com.LegacyApplication.ProductionTickets.TC067_VerifyBindingDoc_QNI"/>
</testsuite> <!-- com.LegacyApplication.ProductionTickets.TC067_VerifyBindingDoc_QNI -->
