<?xml version="1.0" encoding="UTF-8"?>
<!-- Generated by org.testng.reporters.JUnitReportReporter -->
<testsuite hostname="ROC-RDEVWS10" name="com.LegacyApplication.CreateSubmissions.TC092_programms_MarketPalce" tests="1" failures="0" timestamp="6 Aug 2019 05:37:20 GMT" time="286.360" errors="0">
  <testcase name="verify_marketPalceasPerAvailableProgram_StateBased" time="286.360" classname="com.LegacyApplication.CreateSubmissions.TC092_programms_MarketPalce"/>
</testsuite> <!-- com.LegacyApplication.CreateSubmissions.TC092_programms_MarketPalce -->
