<?xml version="1.0" encoding="UTF-8"?>
<!-- Generated by org.testng.reporters.JUnitReportReporter -->
<testsuite skipped="0" hostname="ROC-RDEVWS10" name="com.LegacyApplication.NewARProcess.TC078_VerifyRenewalInfo_RenewalCreated_DirectBill" tests="1" failures="0" timestamp="23 Apr 2019 11:10:10 GMT" time="335.743" errors="0">
  <testcase name="review_submissionStatus_NormalAgency_DirectBill" time="335.743" classname="com.LegacyApplication.NewARProcess.TC078_VerifyRenewalInfo_RenewalCreated_DirectBill"/>
</testsuite> <!-- com.LegacyApplication.NewARProcess.TC078_VerifyRenewalInfo_RenewalCreated_DirectBill -->
