<?xml version="1.0" encoding="UTF-8"?>
<!-- Generated by org.testng.reporters.JUnitReportReporter -->
<testsuite skipped="0" hostname="ROC-RDEVWS07" name="com.LegacyApplication.ProductionTickets.TC070_VerifyTotalClassificationPercentageinReviewSubmissionPage" tests="1" failures="0" timestamp="29 Oct 2018 07:02:49 GMT" time="129.564" errors="0">
  <testcase name="verify_running_outofpolicynumbers_QAA" time="129.564" classname="com.LegacyApplication.ProductionTickets.TC070_VerifyTotalClassificationPercentageinReviewSubmissionPage"/>
</testsuite> <!-- com.LegacyApplication.ProductionTickets.TC070_VerifyTotalClassificationPercentageinReviewSubmissionPage -->
