<?xml version="1.0" encoding="UTF-8"?>
<!-- Generated by org.testng.reporters.JUnitReportReporter -->
<testsuite hostname="MCC-RDEVWS10" name="WorkesrCom_UI.TC106_CarrierSelection_Page9" tests="2" failures="0" timestamp="5 Feb 2020 09:33:33 GMT" time="374.697" errors="0">
  <testcase name="ts01_carrierSelection_Page_verify_AMTrust" time="192.970" classname="WorkesrCom_UI.TC106_CarrierSelection_Page9"/>
  <testcase name="ts02_carrierSelection_Page_verify_Employer" time="181.727" classname="WorkesrCom_UI.TC106_CarrierSelection_Page9"/>
</testsuite> <!-- WorkesrCom_UI.TC106_CarrierSelection_Page9 -->
