<?xml version="1.0" encoding="UTF-8"?>
<!-- Generated by org.testng.reporters.JUnitReportReporter -->
<<<<<<< HEAD
<<<<<<< HEAD
<<<<<<< HEAD
<testsuite skipped="0" hostname="ROC-RDEVWS07" name="com.TestingPurpose.TestingPurpose" tests="1" failures="0" timestamp="19 Oct 2018 11:47:10 GMT" time="78.613" errors="0">
  <testcase name="review_submissionStatus_SpecialAgency_DirectBill" time="78.613" classname="com.TestingPurpose.TestingPurpose"/>
=======
<testsuite skipped="0" hostname="ROC-RDEVWS07" name="com.TestingPurpose.TestingPurpose" tests="1" failures="0" timestamp="25 Oct 2018 12:04:34 GMT" time="260.854" errors="0">
  <testcase name="review_submissionStatus_SpecialAgency_DirectBill" time="260.854" classname="com.TestingPurpose.TestingPurpose"/>
>>>>>>> d9cad3cbf1548b05ece1c2d73ed94c00419433c7
=======
<testsuite skipped="0" hostname="ROC-RDEVWS07" name="com.TestingPurpose.TestingPurpose" tests="1" failures="0" timestamp="13 Nov 2018 06:44:05 GMT" time="261.153" errors="1">
  <testcase name="review_submissionStatus_SpecialAgency_DirectBill" time="261.153" classname="com.TestingPurpose.TestingPurpose">
    <error type="java.lang.NullPointerException">
      <![CDATA[java.lang.NullPointerException
at sun.reflect.GeneratedMethodAccessor7.invoke(Unknown Source)
at sun.reflect.DelegatingMethodAccessorImpl.invoke(DelegatingMethodAccessorImpl.java:43)
at java.lang.reflect.Method.invoke(Method.java:498)
at org.openqa.selenium.support.pagefactory.internal.LocatingElementHandler.invoke(LocatingElementHandler.java:51)
at com.sun.proxy.$Proxy10.isDisplayed(Unknown Source)
at org.openqa.selenium.support.ui.ExpectedConditions.elementIfVisible(ExpectedConditions.java:315)
at org.openqa.selenium.support.ui.ExpectedConditions.access$100(ExpectedConditions.java:44)
at org.openqa.selenium.support.ui.ExpectedConditions$10.apply(ExpectedConditions.java:301)
at org.openqa.selenium.support.ui.ExpectedConditions$10.apply(ExpectedConditions.java:298)
at org.openqa.selenium.support.ui.FluentWait.until(FluentWait.java:260)
at com.LegacyApplication.Utilities.WaitMethods.wait_for_element_present(WaitMethods.java:39)
at com.LegacyApplication.PageMethods.GeneralLiabilityMethods.save_GL_ratingWorkSheet(GeneralLiabilityMethods.java:477)
at com.LegacyApplication.PageMethods.AutoRenewalBrokerFeeMethods.save_ratingWorkSheet(AutoRenewalBrokerFeeMethods.java:226)
at com.TestingPurpose.TestingPurpose.review_submissionStatus_SpecialAgency_DirectBill(TestingPurpose.java:97)
at sun.reflect.NativeMethodAccessorImpl.invoke0(Native Method)
at sun.reflect.NativeMethodAccessorImpl.invoke(NativeMethodAccessorImpl.java:62)
at sun.reflect.DelegatingMethodAccessorImpl.invoke(DelegatingMethodAccessorImpl.java:43)
at java.lang.reflect.Method.invoke(Method.java:498)
at org.testng.internal.MethodInvocationHelper.invokeMethod(MethodInvocationHelper.java:124)
at org.testng.internal.Invoker.invokeMethod(Invoker.java:580)
at org.testng.internal.Invoker.invokeTestMethod(Invoker.java:716)
at org.testng.internal.Invoker.invokeTestMethods(Invoker.java:988)
at org.testng.internal.TestMethodWorker.invokeTestMethods(TestMethodWorker.java:125)
at org.testng.internal.TestMethodWorker.run(TestMethodWorker.java:109)
at org.testng.TestRunner.privateRun(TestRunner.java:648)
at org.testng.TestRunner.run(TestRunner.java:505)
at org.testng.SuiteRunner.runTest(SuiteRunner.java:455)
at org.testng.SuiteRunner.runSequentially(SuiteRunner.java:450)
at org.testng.SuiteRunner.privateRun(SuiteRunner.java:415)
at org.testng.SuiteRunner.run(SuiteRunner.java:364)
at org.testng.SuiteRunnerWorker.runSuite(SuiteRunnerWorker.java:52)
at org.testng.SuiteRunnerWorker.run(SuiteRunnerWorker.java:84)
at org.testng.TestNG.runSuitesSequentially(TestNG.java:1208)
at org.testng.TestNG.runSuitesLocally(TestNG.java:1137)
at org.testng.TestNG.runSuites(TestNG.java:1049)
at org.testng.TestNG.run(TestNG.java:1017)
at org.testng.remote.AbstractRemoteTestNG.run(AbstractRemoteTestNG.java:114)
at org.testng.remote.RemoteTestNG.initAndRun(RemoteTestNG.java:251)
at org.testng.remote.RemoteTestNG.main(RemoteTestNG.java:77)
]]>
    </error>
  </testcase> <!-- review_submissionStatus_SpecialAgency_DirectBill -->
>>>>>>> e058ce5c4df3b129353930695b04588571a4b023
=======
<testsuite skipped="0" hostname="ROC-RDEVWS10" name="com.TestingPurpose.TestingPurpose" tests="1" failures="0" timestamp="24 Jan 2019 10:10:38 GMT" time="224.568" errors="0">
  <testcase name="cbic_qaa" time="224.568" classname="com.TestingPurpose.TestingPurpose"/>
>>>>>>> 3767dfff0b90ed7d8e11828a28810d9ced0cfd6b
</testsuite> <!-- com.TestingPurpose.TestingPurpose -->
