<?xml version="1.0" encoding="UTF-8"?>
<!-- Generated by org.testng.reporters.JUnitReportReporter -->
<testsuite name="com.LegacyApplication.SubmissionPage.TC010_VerifyApplicationPageInfo" tests="1" time="36.278" ignored="0" failures="0" timestamp="29 Nov 2017 05:27:15 GMT" skipped="0" hostname="ROC-RDEVWS07" errors="0">
  <testcase name="verify_application_page_information" time="36.278" classname="com.LegacyApplication.SubmissionPage.TC010_VerifyApplicationPageInfo"/>
</testsuite> <!-- com.LegacyApplication.SubmissionPage.TC010_VerifyApplicationPageInfo -->
