<?xml version="1.0" encoding="UTF-8"?>
<!-- Generated by org.testng.reporters.JUnitReportReporter -->
<testsuite skipped="0" hostname="ROC-RDEVWS07" name="com.LegacyApplication.ProductionTickets.TC036_VerifyRunningOutofPolicyNumbersQES" tests="1" failures="0" timestamp="13 Aug 2018 09:25:27 GMT" time="287.569" errors="0">
  <testcase name="verify_running_outofpolicynumbers_QES" time="287.569" classname="com.LegacyApplication.ProductionTickets.TC036_VerifyRunningOutofPolicyNumbersQES"/>
</testsuite> <!-- com.LegacyApplication.ProductionTickets.TC036_VerifyRunningOutofPolicyNumbersQES -->
