<?xml version="1.0" encoding="UTF-8"?>
<!-- Generated by org.testng.reporters.JUnitReportReporter -->
<testsuite skipped="2" hostname="ROC-RDEVWS07" name="com.LegacyApplication.SubmissionPage.TC008_VerifyCommonEligibilityInfo" tests="2" failures="0" timestamp="26 Apr 2018 11:02:06 GMT" time="0.000" errors="0">
  <testcase name="verify_common_eligibility__information" time="0.000" classname="com.LegacyApplication.SubmissionPage.TC008_VerifyCommonEligibilityInfo">
    <skipped/>
  </testcase> <!-- verify_common_eligibility__information -->
  <testcase name="verify_Admin_common_eligibility_information" time="0.000" classname="com.LegacyApplication.SubmissionPage.TC008_VerifyCommonEligibilityInfo">
    <skipped/>
  </testcase> <!-- verify_Admin_common_eligibility_information -->
</testsuite> <!-- com.LegacyApplication.SubmissionPage.TC008_VerifyCommonEligibilityInfo -->
