<?xml version="1.0" encoding="UTF-8"?>
<!-- Generated by org.testng.reporters.JUnitReportReporter -->
<testsuite skipped="0" hostname="ROC-RDEVWS07" name="com.LegacyApplication.RegressionIssues.TC090_CreateInlandMarineSubmission" tests="1" failures="0" timestamp="04 Dec 2018 10:39:39 GMT" time="55.768" errors="0">
  <testcase name="create_QNI_Submission" time="55.768" classname="com.LegacyApplication.RegressionIssues.TC090_CreateInlandMarineSubmission"/>
</testsuite> <!-- com.LegacyApplication.RegressionIssues.TC090_CreateInlandMarineSubmission -->
