<?xml version="1.0" encoding="UTF-8"?>
<!-- Generated by org.testng.reporters.JUnitReportReporter -->
<testsuite name="com.LegacyApplication.SubmissionPage.TC014_ValidateAgencyInfoDetails" tests="2" time="51.724" ignored="0" failures="0" timestamp="17 Dec 2017 12:24:59 GMT" skipped="0" hostname="ROC-RDEVWS07" errors="0">
  <testcase name="validate_agency_info_details" time="46.897" classname="com.LegacyApplication.SubmissionPage.TC014_ValidateAgencyInfoDetails"/>
  <testcase name="validate_more_info_details" time="4.827" classname="com.LegacyApplication.SubmissionPage.TC014_ValidateAgencyInfoDetails"/>
</testsuite> <!-- com.LegacyApplication.SubmissionPage.TC014_ValidateAgencyInfoDetails -->
