<?xml version="1.0" encoding="UTF-8"?>
<!-- Generated by org.testng.reporters.JUnitReportReporter -->
<testsuite name="com.LegacyApplication.SubmissionPage.TC005_VerifyOptionalCoverages" tests="1" time="63.587" ignored="0" failures="0" timestamp="26 Oct 2017 10:25:51 GMT" skipped="0" hostname="ROC-RDEVWS07" errors="0">
  <testcase name="verify_optional_coverages" time="63.587" classname="com.LegacyApplication.SubmissionPage.TC005_VerifyOptionalCoverages"/>
</testsuite> <!-- com.LegacyApplication.SubmissionPage.TC005_VerifyOptionalCoverages -->
