<?xml version="1.0" encoding="UTF-8"?>
<!-- Generated by org.testng.reporters.JUnitReportReporter -->
<testsuite skipped="0" hostname="ROC-RDEVWS10" name="com.LegacyApplication.ProductionTickets.TC027_VerifyMakeaPaymentOption" tests="1" failures="0" timestamp="28 Feb 2019 08:56:56 GMT" time="294.281" errors="0">
  <testcase name="verify_make_payment_option" time="294.281" classname="com.LegacyApplication.ProductionTickets.TC027_VerifyMakeaPaymentOption"/>
</testsuite> <!-- com.LegacyApplication.ProductionTickets.TC027_VerifyMakeaPaymentOption -->
