<?xml version="1.0" encoding="UTF-8"?>
<!-- Generated by org.testng.reporters.JUnitReportReporter -->
<testsuite skipped="2" hostname="ROC-RDEVWS07" name="com.LegacyApplication.SubmissionPage.TC009_VerifySpecificPageInfo" tests="2" failures="0" timestamp="26 Apr 2018 11:02:06 GMT" time="0.000" errors="0">
  <testcase name="verify_Admin_specific_eligibility__information" time="0.000" classname="com.LegacyApplication.SubmissionPage.TC009_VerifySpecificPageInfo">
    <skipped/>
  </testcase> <!-- verify_Admin_specific_eligibility__information -->
  <testcase name="verify_specific_eligibility__information" classname="com.LegacyApplication.SubmissionPage.TC009_VerifySpecificPageInfo">
    <skipped/>
  </testcase> <!-- verify_specific_eligibility__information -->
</testsuite> <!-- com.LegacyApplication.SubmissionPage.TC009_VerifySpecificPageInfo -->
