<?xml version="1.0" encoding="UTF-8"?>
<!-- Generated by org.testng.reporters.JUnitReportReporter -->
<testsuite skipped="0" hostname="ROC-RDEVWS07" name="com.LegacyApplication.AutoRenewBrokerFee.TC017_ValidatePercentageBrokerFee" tests="3" failures="0" timestamp="15 Mar 2018 04:48:04 GMT" time="319.480" errors="0">
  <testcase name="verify_percentage_brokerfee_newbusiness" time="103.435" classname="com.LegacyApplication.AutoRenewBrokerFee.TC017_ValidatePercentageBrokerFee"/>
  <testcase name="verify_percentage_brokerfee_renewalbusiness" time="130.786" classname="com.LegacyApplication.AutoRenewBrokerFee.TC017_ValidatePercentageBrokerFee"/>
  <testcase name="setup_percentage_brokerfee" time="85.259" classname="com.LegacyApplication.AutoRenewBrokerFee.TC017_ValidatePercentageBrokerFee"/>
</testsuite> <!-- com.LegacyApplication.AutoRenewBrokerFee.TC017_ValidatePercentageBrokerFee -->
