<?xml version="1.0" encoding="UTF-8"?>
<!-- Generated by org.testng.reporters.JUnitReportReporter -->
<testsuite hostname="MCC-RDEVWS10" name="WorkesrCom_UI.TC103_OwnersAndOfficers_page6" tests="2" failures="0" timestamp="5 Feb 2020 09:33:33 GMT" time="448.162" errors="0">
  <testcase name="ts02_titleRelationDrpd_verify" time="299.481" classname="WorkesrCom_UI.TC103_OwnersAndOfficers_page6"/>
  <testcase name="ts01_ownersandOff_verify" time="148.681" classname="WorkesrCom_UI.TC103_OwnersAndOfficers_page6"/>
</testsuite> <!-- WorkesrCom_UI.TC103_OwnersAndOfficers_page6 -->
