<?xml version="1.0" encoding="UTF-8"?>
<!-- Generated by org.testng.reporters.JUnitReportReporter -->
<testsuite skipped="0" hostname="ROC-RDEVWS10" name="com.LegacyApplication.ProductionTickets.TC028_VerifyVictoryExpressEmailAddress" tests="1" failures="0" timestamp="28 Feb 2019 09:03:05 GMT" time="33.950" errors="0">
  <testcase name="validate_emailaddress_field" time="33.950" classname="com.LegacyApplication.ProductionTickets.TC028_VerifyVictoryExpressEmailAddress"/>
</testsuite> <!-- com.LegacyApplication.ProductionTickets.TC028_VerifyVictoryExpressEmailAddress -->
