<?xml version="1.0" encoding="UTF-8"?>
<!-- Generated by org.testng.reporters.JUnitReportReporter -->
<<<<<<< HEAD
<testsuite skipped="0" hostname="MCC-TESTPC" name="com.LegacyApplication.ProductionTickets.TC085_GABRsubmission_witoutIssuePolicyOption55Res" tests="1" failures="0" timestamp="26 Nov 2018 18:38:38 GMT" time="56.614" errors="0">
  <testcase name="gabr_No_IssuePolicyOption_Resedential55" time="56.614" classname="com.LegacyApplication.ProductionTickets.TC085_GABRsubmission_witoutIssuePolicyOption55Res"/>
=======
<<<<<<< HEAD
<testsuite skipped="0" hostname="ROC-RDEVWS10" name="com.LegacyApplication.ProductionTickets.TC085_GABRsubmission_witoutIssuePolicyOption55Res" tests="1" failures="0" timestamp="23 Nov 2018 05:45:40 GMT" time="69.045" errors="0">
  <testcase name="gabr_No_IssuePolicyOption_Resedential55" time="69.045" classname="com.LegacyApplication.ProductionTickets.TC085_GABRsubmission_witoutIssuePolicyOption55Res"/>
=======
<testsuite skipped="0" hostname="ROC-RDEVWS07" name="com.LegacyApplication.ProductionTickets.TC085_GABRsubmission_witoutIssuePolicyOption55Res" tests="1" failures="0" timestamp="26 Nov 2018 09:12:11 GMT" time="62.198" errors="0">
  <testcase name="gabr_No_IssuePolicyOption_Resedential55" time="62.198" classname="com.LegacyApplication.ProductionTickets.TC085_GABRsubmission_witoutIssuePolicyOption55Res"/>
>>>>>>> 4ab747e81e75979c8f2c9e661e218af05c789cd3
>>>>>>> f4bf318673fa39148cc6dd154998725b3877e53b
</testsuite> <!-- com.LegacyApplication.ProductionTickets.TC085_GABRsubmission_witoutIssuePolicyOption55Res -->
