<?xml version="1.0" encoding="UTF-8"?>
<!-- Generated by org.testng.reporters.JUnitReportReporter -->
<<<<<<< HEAD
<testsuite skipped="0" hostname="MCC-TESTPC" name="com.CBIC.TC104_CBIC_UI_PricingPage5" tests="1" failures="0" timestamp="17 Apr 2019 17:27:12 GMT" time="66.314" errors="0">
  <testcase name="cbic_Pricing" time="66.314" classname="com.CBIC.TC104_CBIC_UI_PricingPage5"/>
=======
<testsuite skipped="0" hostname="ROC-RDEVWS10" name="com.CBIC.TC104_CBIC_UI_PricingPage5" tests="1" failures="0" timestamp="18 Apr 2019 05:00:05 GMT" time="85.800" errors="0">
  <testcase name="cbic_Pricing" time="85.800" classname="com.CBIC.TC104_CBIC_UI_PricingPage5"/>
>>>>>>> 7e9d8af5018b35d0d23a3491eb030c45f9771562
</testsuite> <!-- com.CBIC.TC104_CBIC_UI_PricingPage5 -->
