<?xml version="1.0" encoding="UTF-8"?>
<!-- Generated by org.testng.reporters.JUnitReportReporter -->
<testsuite hostname="MCC-RDEVWS10" name="StarUI.TC093_CreateStarr_SubmitStatus" tests="1" failures="0" timestamp="9 Dec 2019 06:33:21 GMT" time="214.179" errors="0">
  <testcase name="starr_marineSubmission_Submit_status" time="214.179" classname="StarUI.TC093_CreateStarr_SubmitStatus"/>
</testsuite> <!-- StarUI.TC093_CreateStarr_SubmitStatus -->
