<?xml version="1.0" encoding="UTF-8"?>
<!-- Generated by org.testng.reporters.JUnitReportReporter -->
<<<<<<< HEAD
<<<<<<< HEAD
<<<<<<< HEAD
<<<<<<< HEAD
<<<<<<< HEAD
<<<<<<< HEAD
<testsuite skipped="0" hostname="ROC-RDEVWS10" name="com.NewGIDirect.TC_084_ValidatePremiumValue" tests="1" failures="0" timestamp="22 Oct 2018 07:27:14 GMT" time="48.893" errors="0">
  <testcase name="createQAA" time="48.893" classname="com.NewGIDirect.TC_084_ValidatePremiumValue"/>
=======
<testsuite skipped="0" hostname="ROC-RDEVWS10" name="com.NewGIDirect.TC_084_ValidatePremiumValue" tests="1" failures="0" timestamp="22 Oct 2018 12:16:08 GMT" time="48.368" errors="0">
  <testcase name="createQAA" time="48.368" classname="com.NewGIDirect.TC_084_ValidatePremiumValue"/>
>>>>>>> d9cad3cbf1548b05ece1c2d73ed94c00419433c7
=======
<testsuite skipped="0" hostname="ROC-RDEVWS10" name="com.NewGIDirect.TC_084_ValidatePremiumValue" tests="1" failures="0" timestamp="05 Nov 2018 07:20:03 GMT" time="70.880" errors="0">
  <testcase name="createQAA" time="70.880" classname="com.NewGIDirect.TC_084_ValidatePremiumValue"/>
=======
<testsuite skipped="0" hostname="ROC-RDEVWS07" name="com.NewGIDirect.TC_084_ValidatePremiumValue" tests="1" failures="0" timestamp="02 Nov 2018 06:38:37 GMT" time="73.615" errors="0">
  <testcase name="createQAA" time="73.615" classname="com.NewGIDirect.TC_084_ValidatePremiumValue"/>
>>>>>>> 37ed8d6e49e19e0f94de4fe8f3f8d5babe411a41
>>>>>>> d024895546f44a2b0ad51e1ccd1ed87398c5b1da
=======
<testsuite skipped="0" hostname="ROC-RDEVWS10" name="com.NewGIDirect.TC_084_ValidatePremiumValue" tests="1" failures="0" timestamp="05 Nov 2018 12:38:46 GMT" time="74.356" errors="0">
  <testcase name="createQAA" time="74.356" classname="com.NewGIDirect.TC_084_ValidatePremiumValue"/>
>>>>>>> e3f5b8f47291164857113504dc974c7047cce91c
=======
<testsuite skipped="0" hostname="ROC-RDEVWS10" name="com.NewGIDirect.TC_084_ValidatePremiumValue" tests="1" failures="0" timestamp="08 Nov 2018 09:40:45 GMT" time="71.323" errors="0">
  <testcase name="createQAA" time="71.323" classname="com.NewGIDirect.TC_084_ValidatePremiumValue"/>
>>>>>>> 1625e46ade9a271b6073ab24b6d1dd95c7d7433d
=======
<testsuite skipped="0" hostname="ROC-RDEVWS10" name="com.NewGIDirect.TC_084_ValidatePremiumValue" tests="1" failures="0" timestamp="19 Nov 2018 06:39:34 GMT" time="78.566" errors="0">
  <testcase name="createQAA" time="78.566" classname="com.NewGIDirect.TC_084_ValidatePremiumValue"/>
>>>>>>> 01f6c7c53117b9debf0479e60efbcdfd4c8fc0cf
=======
<testsuite skipped="0" hostname="ROC-RDEVWS10" name="com.NewGIDirect.TC_084_ValidatePremiumValue" tests="1" failures="0" timestamp="22 Nov 2018 11:49:42 GMT" time="74.010" errors="0">
  <testcase name="createQAA" time="74.010" classname="com.NewGIDirect.TC_084_ValidatePremiumValue"/>
>>>>>>> f4bf318673fa39148cc6dd154998725b3877e53b
</testsuite> <!-- com.NewGIDirect.TC_084_ValidatePremiumValue -->
