<?xml version="1.0" encoding="UTF-8"?>
<!-- Generated by org.testng.reporters.JUnitReportReporter -->
<<<<<<< HEAD
<testsuite skipped="0" hostname="MCC-TESTPC" name="com.LegacyApplication.NewARProcess.TC073_VerifySubmissionStatus_AgencyBillAutoRenewalBetaCitizens_PremiumFinance" tests="1" failures="0" timestamp="19 Nov 2018 13:06:56 GMT" time="356.176" errors="0">
  <testcase name="review_submissionStatus_SpecialAgency_AgencyFinance" time="356.176" classname="com.LegacyApplication.NewARProcess.TC073_VerifySubmissionStatus_AgencyBillAutoRenewalBetaCitizens_PremiumFinance"/>
=======
<testsuite skipped="0" hostname="ROC-RDEVWS10" name="com.LegacyApplication.NewARProcess.TC073_VerifySubmissionStatus_AgencyBillAutoRenewalBetaCitizens_PremiumFinance" tests="1" failures="0" timestamp="12 Nov 2018 10:13:34 GMT" time="398.809" errors="0">
  <testcase name="review_submissionStatus_SpecialAgency_AgencyFinance" time="398.809" classname="com.LegacyApplication.NewARProcess.TC073_VerifySubmissionStatus_AgencyBillAutoRenewalBetaCitizens_PremiumFinance"/>
>>>>>>> 01f6c7c53117b9debf0479e60efbcdfd4c8fc0cf
</testsuite> <!-- com.LegacyApplication.NewARProcess.TC073_VerifySubmissionStatus_AgencyBillAutoRenewalBetaCitizens_PremiumFinance -->
