<?xml version="1.0" encoding="UTF-8"?>
<!-- Generated by org.testng.reporters.JUnitReportReporter -->
<testsuite skipped="0" hostname="ROC-RDEVWS07" name="com.LegacyApplication.TLS_TestScenarios.TC030_VerifyFraudWarninginQNIApplication" tests="1" failures="0" timestamp="06 Jun 2018 04:35:01 GMT" time="133.332" errors="0">
  <testcase name="verify_fraud_warning_in_QNI" time="133.332" classname="com.LegacyApplication.TLS_TestScenarios.TC030_VerifyFraudWarninginQNIApplication"/>
</testsuite> <!-- com.LegacyApplication.TLS_TestScenarios.TC030_VerifyFraudWarninginQNIApplication -->
