<?xml version="1.0" encoding="UTF-8"?>
<!-- Generated by org.testng.reporters.JUnitReportReporter -->
<testsuite skipped="0" hostname="ROC-RDEVWS10" name="com.LegacyApplication.ProductionTickets.TC037_GLVerifyTheftProtectionField" tests="1" failures="0" timestamp="28 Feb 2019 09:13:24 GMT" time="98.741" errors="0">
  <testcase name="verify_running_outofpolicynumbers_QES" time="98.741" classname="com.LegacyApplication.ProductionTickets.TC037_GLVerifyTheftProtectionField"/>
</testsuite> <!-- com.LegacyApplication.ProductionTickets.TC037_GLVerifyTheftProtectionField -->
