<?xml version="1.0" encoding="UTF-8"?>
<!-- Generated by org.testng.reporters.JUnitReportReporter -->
<testsuite skipped="0" hostname="ROC-RDEVWS10" name="com.LegacyApplication.NewARProcess.TC079_VerifyPaymentOption_DirectBill_RenewalPen" tests="1" failures="0" timestamp="23 Apr 2019 11:10:10 GMT" time="344.763" errors="0">
  <testcase name="review_submissionStatus_SpecialAgency_DirectBill" time="344.763" classname="com.LegacyApplication.NewARProcess.TC079_VerifyPaymentOption_DirectBill_RenewalPen"/>
</testsuite> <!-- com.LegacyApplication.NewARProcess.TC079_VerifyPaymentOption_DirectBill_RenewalPen -->
