<?xml version="1.0" encoding="UTF-8"?>
<!-- Generated by org.testng.reporters.JUnitReportReporter -->
<testsuite name="com.LegacyApplication.SubmissionPage.TC003_VerifyGlApplicationInfo" tests="1" time="36.084" ignored="0" failures="0" timestamp="29 Nov 2017 05:27:15 GMT" skipped="0" hostname="ROC-RDEVWS07" errors="0">
  <testcase name="verify_GI_application_info" time="36.084" classname="com.LegacyApplication.SubmissionPage.TC003_VerifyGlApplicationInfo"/>
</testsuite> <!-- com.LegacyApplication.SubmissionPage.TC003_VerifyGlApplicationInfo -->
