<?xml version="1.0" encoding="UTF-8"?>
<!-- Generated by org.testng.reporters.JUnitReportReporter -->
<testsuite skipped="0" hostname="ROC-RDEVWS10" name="com.LegacyApplication.ProductionTickets.TC062_VerifyBindingDocPaymentOption" tests="1" failures="0" timestamp="23 Apr 2019 12:16:13 GMT" time="281.142" errors="0">
  <testcase name="verify_bindingDoc_paymentOption" time="281.142" classname="com.LegacyApplication.ProductionTickets.TC062_VerifyBindingDocPaymentOption"/>
</testsuite> <!-- com.LegacyApplication.ProductionTickets.TC062_VerifyBindingDocPaymentOption -->
