<?xml version="1.0" encoding="UTF-8"?>
<!-- Generated by org.testng.reporters.JUnitReportReporter -->
<testsuite hostname="MCC-RDEVWS10" name="com.LegacyApplication.AutoRenewBrokerFee.TC023_ValidateBrokerFeeInRenewalInfoPage" tests="1" failures="0" timestamp="1 Nov 2019 09:09:51 GMT" time="513.038" errors="0">
  <testcase name="validate_Renewalinfo_Page" time="513.038" classname="com.LegacyApplication.AutoRenewBrokerFee.TC023_ValidateBrokerFeeInRenewalInfoPage"/>
</testsuite> <!-- com.LegacyApplication.AutoRenewBrokerFee.TC023_ValidateBrokerFeeInRenewalInfoPage -->
