<?xml version="1.0" encoding="UTF-8"?>
<!-- Generated by org.testng.reporters.JUnitReportReporter -->
<testsuite skipped="0" hostname="ROC-RDEVWS10" name="com.LegacyApplication.NewARProcess.TC075_VerifySubmissionStatus_NormalAgency_AgencyFinance" tests="1" failures="0" timestamp="23 Apr 2019 11:10:10 GMT" time="379.249" errors="0">
  <testcase name="review_submissionStatus_NormalAgency_AgencyFinance" time="379.249" classname="com.LegacyApplication.NewARProcess.TC075_VerifySubmissionStatus_NormalAgency_AgencyFinance"/>
</testsuite> <!-- com.LegacyApplication.NewARProcess.TC075_VerifySubmissionStatus_NormalAgency_AgencyFinance -->
