<?xml version="1.0" encoding="UTF-8"?>
<!-- Generated by org.testng.reporters.JUnitReportReporter -->
<testsuite skipped="0" hostname="ROC-RDEVWS10" name="com.LegacyApplication.RegressionIssues.TC053_VerifyUnderwriterChecklistError_GABR" tests="1" failures="0" timestamp="28 Feb 2019 11:30:34 GMT" time="138.182" errors="0">
  <testcase name="verify_GABR_UnderWriterCheckListError_fromAdmin" time="138.182" classname="com.LegacyApplication.RegressionIssues.TC053_VerifyUnderwriterChecklistError_GABR"/>
</testsuite> <!-- com.LegacyApplication.RegressionIssues.TC053_VerifyUnderwriterChecklistError_GABR -->
