<?xml version="1.0" encoding="UTF-8"?>
<!-- Generated by org.testng.reporters.JUnitReportReporter -->
<testsuite skipped="0" hostname="ROC-RDEVWS10" name="com.NewGIDirect.TC_084_ValueCompair" tests="1" failures="0" timestamp="24 Sep 2018 12:52:41 GMT" time="66.408" errors="0">
  <testcase name="createQAA" time="66.408" classname="com.NewGIDirect.TC_084_ValueCompair"/>
</testsuite> <!-- com.NewGIDirect.TC_084_ValueCompair -->
