<?xml version="1.0" encoding="UTF-8"?>
<!-- Generated by org.testng.reporters.JUnitReportReporter -->
<testsuite skipped="0" hostname="ROC-RDEVWS10" name="com.LegcyApplication.NewARProcess.TC077_VerifyContextOption_NoramlAgencyDirectBill" tests="1" failures="0" timestamp="19 Oct 2018 09:54:01 GMT" time="344.590" errors="0">
  <testcase name="review_submissionStatus_NormalAgency_DirectBill" time="344.590" classname="com.LegcyApplication.NewARProcess.TC077_VerifyContextOption_NoramlAgencyDirectBill"/>
</testsuite> <!-- com.LegcyApplication.NewARProcess.TC077_VerifyContextOption_NoramlAgencyDirectBill -->
