<?xml version="1.0" encoding="UTF-8"?>
<!-- Generated by org.testng.reporters.JUnitReportReporter -->
<testsuite hostname="ROC-RDEVWS10" name="com.LegacyApplication.ProductionTickets.TC068_ValidateEZBondsVerbageUpdatedToRapidBonds" tests="1" failures="0" timestamp="18 Jul 2019 05:59:45 GMT" time="36.146" errors="0">
  <testcase name="verify_rapid_bonds_verbage" time="36.146" classname="com.LegacyApplication.ProductionTickets.TC068_ValidateEZBondsVerbageUpdatedToRapidBonds"/>
</testsuite> <!-- com.LegacyApplication.ProductionTickets.TC068_ValidateEZBondsVerbageUpdatedToRapidBonds -->
