<?xml version="1.0" encoding="UTF-8"?>
<!-- Generated by org.testng.reporters.JUnitReportReporter -->
<testsuite hostname="ROC-RDEVWS10" name="com.LegacyApplication.ProductionTickets.TC026_VerifyAdditionalInsuredRequest" tests="1" failures="0" timestamp="18 Jul 2019 06:16:36 GMT" time="266.580" errors="0">
  <testcase name="verify_additional_insured_request" time="266.580" classname="com.LegacyApplication.ProductionTickets.TC026_VerifyAdditionalInsuredRequest"/>
</testsuite> <!-- com.LegacyApplication.ProductionTickets.TC026_VerifyAdditionalInsuredRequest -->
