<?xml version="1.0" encoding="UTF-8"?>
<!-- Generated by org.testng.reporters.JUnitReportReporter -->
<testsuite skipped="0" hostname="ROC-RDEVWS10" name="com.LegacyApplication.ProductionTickets.TC058_QCAhidePriceIndicatorTab" tests="1" failures="0" timestamp="23 Apr 2019 12:08:16 GMT" time="34.646" errors="0">
  <testcase name="verify_priceIndicator_tab" time="34.646" classname="com.LegacyApplication.ProductionTickets.TC058_QCAhidePriceIndicatorTab"/>
</testsuite> <!-- com.LegacyApplication.ProductionTickets.TC058_QCAhidePriceIndicatorTab -->
