<?xml version="1.0" encoding="UTF-8"?>
<!-- Generated by org.testng.reporters.JUnitReportReporter -->
<testsuite skipped="0" hostname="ROC-RDEVWS10" name="com.LegcyApplication.NewARProcess.TC079_VerifyPaymentOption_DirectBill_RenewalPen" tests="1" failures="0" timestamp="19 Oct 2018 13:08:53 GMT" time="52.858" errors="0">
  <testcase name="review_submissionStatus_SpecialAgency_DirectBill" time="52.858" classname="com.LegcyApplication.NewARProcess.TC079_VerifyPaymentOption_DirectBill_RenewalPen"/>
</testsuite> <!-- com.LegcyApplication.NewARProcess.TC079_VerifyPaymentOption_DirectBill_RenewalPen -->
