<?xml version="1.0" encoding="UTF-8"?>
<!-- Generated by org.testng.reporters.JUnitReportReporter -->
<testsuite skipped="0" hostname="ROC-RDEVWS10" name="com.CBIC.TC101_CBIC_UI_BusinessInfo_Page2" tests="1" failures="0" timestamp="18 Apr 2019 04:52:26 GMT" time="49.878" errors="0">
  <testcase name="cbic_BusinessInfoPage_Operations" time="49.878" classname="com.CBIC.TC101_CBIC_UI_BusinessInfo_Page2"/>
</testsuite> <!-- com.CBIC.TC101_CBIC_UI_BusinessInfo_Page2 -->
