<?xml version="1.0" encoding="UTF-8"?>
<!-- Generated by org.testng.reporters.JUnitReportReporter -->
<testsuite skipped="0" hostname="ROC-RDEVWS10" name="com.LegacyApplication.NewARProcess.TC083_VerifyPaymentOption_PremiumFin_RenewalPen" tests="1" failures="0" timestamp="23 Apr 2019 11:10:10 GMT" time="346.300" errors="0">
  <testcase name="verify_PaymentOptExists_RenewalSub_PremiumFinance" time="346.300" classname="com.LegacyApplication.NewARProcess.TC083_VerifyPaymentOption_PremiumFin_RenewalPen"/>
</testsuite> <!-- com.LegacyApplication.NewARProcess.TC083_VerifyPaymentOption_PremiumFin_RenewalPen -->
