<?xml version="1.0" encoding="UTF-8"?>
<!-- Generated by org.testng.reporters.JUnitReportReporter -->
<testsuite name="com.LegacyApplication.SubmissionPage.TC002_VerifyGlApplicationInfo" tests="1" time="62.364" ignored="0" failures="0" timestamp="25 Oct 2017 06:25:27 GMT" skipped="0" hostname="ROC-RDEVWS07" errors="0">
  <testcase name="verify_GI_application_info" time="62.364" classname="com.LegacyApplication.SubmissionPage.TC002_VerifyGlApplicationInfo"/>
</testsuite> <!-- com.LegacyApplication.SubmissionPage.TC002_VerifyGlApplicationInfo -->
