<?xml version="1.0" encoding="UTF-8"?>
<!-- Generated by org.testng.reporters.JUnitReportReporter -->
<testsuite skipped="0" hostname="ROC-RDEVWS10" name="com.LegacyApplication.NewARProcess.TC077_VerifyContextOption_NoramlAgencyDirectBill" tests="1" failures="0" timestamp="23 Apr 2019 11:10:10 GMT" time="341.119" errors="0">
  <testcase name="review_submissionStatus_NormalAgency_DirectBill" time="341.119" classname="com.LegacyApplication.NewARProcess.TC077_VerifyContextOption_NoramlAgencyDirectBill"/>
</testsuite> <!-- com.LegacyApplication.NewARProcess.TC077_VerifyContextOption_NoramlAgencyDirectBill -->
