<?xml version="1.0" encoding="UTF-8"?>
<!-- Generated by org.testng.reporters.JUnitReportReporter -->
<testsuite skipped="0" hostname="ROC-RDEVWS10" name="WorkesrCom_UI.TC098_BusinessInfoPage_WC" tests="2" failures="0" timestamp="13 Mar 2019 07:40:44 GMT" time="62.454" errors="0">
  <testcase name="workersCom_same_Address" time="29.782" classname="WorkesrCom_UI.TC098_BusinessInfoPage_WC"/>
  <testcase name="workersCom_diff_Address" time="32.672" classname="WorkesrCom_UI.TC098_BusinessInfoPage_WC"/>
</testsuite> <!-- WorkesrCom_UI.TC098_BusinessInfoPage_WC -->
