<?xml version="1.0" encoding="UTF-8"?>
<!-- Generated by org.testng.reporters.JUnitReportReporter -->
<testsuite name="com.LegacyApplication.SubmissionPage.TC009_VerifySpecifcPageInfo" tests="1" time="43.373" ignored="0" failures="0" timestamp="07 Nov 2017 06:39:24 GMT" skipped="0" hostname="ROC-RDEVWS07" errors="0">
  <testcase name="verify_specific_eligibility__information" time="43.373" classname="com.LegacyApplication.SubmissionPage.TC009_VerifySpecifcPageInfo"/>
</testsuite> <!-- com.LegacyApplication.SubmissionPage.TC009_VerifySpecifcPageInfo -->
