<?xml version="1.0" encoding="UTF-8"?>
<!-- Generated by org.testng.reporters.JUnitReportReporter -->
<testsuite skipped="0" hostname="ROC-RDEVWS10" name="com.LegacyApplication.RegressionIssues.TC066_VerifyGABRAcceptInvalid_ZIP" tests="1" failures="0" timestamp="16 Aug 2018 05:18:09 GMT" time="102.522" errors="0">
  <testcase name="verify_GABR_submissionAcceptsInvalidZips" time="102.522" classname="com.LegacyApplication.RegressionIssues.TC066_VerifyGABRAcceptInvalid_ZIP"/>
</testsuite> <!-- com.LegacyApplication.RegressionIssues.TC066_VerifyGABRAcceptInvalid_ZIP -->
