<?xml version="1.0" encoding="UTF-8"?>
<!-- Generated by org.testng.reporters.JUnitReportReporter -->
<testsuite hostname="MCC-RDEVWS10" name="com.LegacyApplication.ProductionTickets.TC039_VerifyToughCompAvailability" tests="1" failures="0" timestamp="24 Oct 2019 06:45:14 GMT" time="98.265" errors="0">
  <testcase name="verify_toughcomp_availability" time="98.265" classname="com.LegacyApplication.ProductionTickets.TC039_VerifyToughCompAvailability"/>
</testsuite> <!-- com.LegacyApplication.ProductionTickets.TC039_VerifyToughCompAvailability -->
