<?xml version="1.0" encoding="UTF-8"?>
<!-- Generated by org.testng.reporters.JUnitReportReporter -->
<testsuite skipped="0" hostname="ROC-RDEVWS10" name="com.LegacyApplication.ProductionTickets.TC031_VerifyVictoryExpressApproval" tests="1" failures="0" timestamp="28 Feb 2019 09:08:00 GMT" time="128.945" errors="0">
  <testcase name="verify_victory_express_approval" time="128.945" classname="com.LegacyApplication.ProductionTickets.TC031_VerifyVictoryExpressApproval"/>
</testsuite> <!-- com.LegacyApplication.ProductionTickets.TC031_VerifyVictoryExpressApproval -->
