<?xml version="1.0" encoding="UTF-8"?>
<!-- Generated by org.testng.reporters.JUnitReportReporter -->
<testsuite skipped="0" hostname="ROC-RDEVWS10" name="com.LegacyApplication.RegressionIssues.TC051_VerifyApplicationpage_VIN_validation" tests="1" failures="0" timestamp="28 Feb 2019 11:05:43 GMT" time="100.501" errors="0">
  <testcase name="applicationpage_VIN_Validation_QCA" time="100.501" classname="com.LegacyApplication.RegressionIssues.TC051_VerifyApplicationpage_VIN_validation"/>
</testsuite> <!-- com.LegacyApplication.RegressionIssues.TC051_VerifyApplicationpage_VIN_validation -->
