<?xml version="1.0" encoding="UTF-8"?>
<!-- Generated by org.testng.reporters.JUnitReportReporter -->
<<<<<<< HEAD
<testsuite skipped="0" hostname="ROC-RDEVWS10" name="com.LegacyApplication.RegressionIssues.TC063_VerifyApplicationpage_VIN_validation" tests="1" failures="0" timestamp="13 Aug 2018 13:07:49 GMT" time="114.615" errors="0">
  <testcase name="applicationpage_VIN_Validation_QCA" time="114.615" classname="com.LegacyApplication.RegressionIssues.TC063_VerifyApplicationpage_VIN_validation"/>
=======
<testsuite skipped="0" hostname="ROC-RDEVWS07" name="com.LegacyApplication.RegressionIssues.TC063_VerifyApplicationpage_VIN_validation" tests="1" failures="0" timestamp="14 Aug 2018 09:56:35 GMT" time="91.243" errors="0">
  <testcase name="applicationpage_VIN_Validation_QCA" time="91.243" classname="com.LegacyApplication.RegressionIssues.TC063_VerifyApplicationpage_VIN_validation"/>
>>>>>>> 217b57a4938f764f555ca1b9966d31d709b173ea
</testsuite> <!-- com.LegacyApplication.RegressionIssues.TC063_VerifyApplicationpage_VIN_validation -->
