<?xml version="1.0" encoding="UTF-8"?>
<!-- Generated by org.testng.reporters.JUnitReportReporter -->
<<<<<<< HEAD
<testsuite skipped="0" hostname="MCC-TESTPC" name="com.LegacyApplication.ProductionTickets.TC036_CreateQESsubmission" tests="1" failures="0" timestamp="14 Nov 2018 06:32:47 GMT" time="223.829" errors="0">
  <testcase name="verify_running_outofpolicynumbers_QES" time="223.829" classname="com.LegacyApplication.ProductionTickets.TC036_CreateQESsubmission"/>
=======
<testsuite skipped="0" hostname="ROC-RDEVWS07" name="com.LegacyApplication.ProductionTickets.TC036_CreateQESsubmission" tests="1" failures="0" timestamp="19 Nov 2018 12:13:17 GMT" time="298.621" errors="0">
  <testcase name="verify_running_outofpolicynumbers_QES" time="298.621" classname="com.LegacyApplication.ProductionTickets.TC036_CreateQESsubmission"/>
>>>>>>> 01f6c7c53117b9debf0479e60efbcdfd4c8fc0cf
</testsuite> <!-- com.LegacyApplication.ProductionTickets.TC036_CreateQESsubmission -->
