<?xml version="1.0" encoding="UTF-8"?>
<!-- Generated by org.testng.reporters.JUnitReportReporter -->
<testsuite hostname="ROC-RDEVWS10" name="com.LegacyApplication.RegressionIssues.TC055_VerifyGABR_RenewalLetter" tests="1" failures="0" timestamp="6 Aug 2019 09:46:09 GMT" time="199.035" errors="0">
  <testcase name="verify_GABR_submissionRenewalLetterError" time="199.035" classname="com.LegacyApplication.RegressionIssues.TC055_VerifyGABR_RenewalLetter"/>
</testsuite> <!-- com.LegacyApplication.RegressionIssues.TC055_VerifyGABR_RenewalLetter -->
