<?xml version="1.0" encoding="UTF-8"?>
<!-- Generated by org.testng.reporters.JUnitReportReporter -->
<testsuite skipped="0" hostname="ROC-RDEVWS10" name="com.CBIC.TC102_CBIC_UI_InsuranceHistoryPage3" tests="1" failures="0" timestamp="18 Apr 2019 04:54:14 GMT" time="57.890" errors="0">
  <testcase name="cbic_InsuranceHistoryPage_Operations" time="57.890" classname="com.CBIC.TC102_CBIC_UI_InsuranceHistoryPage3"/>
</testsuite> <!-- com.CBIC.TC102_CBIC_UI_InsuranceHistoryPage3 -->
