<?xml version="1.0" encoding="UTF-8"?>
<!-- Generated by org.testng.reporters.JUnitReportReporter -->
<testsuite skipped="0" hostname="ROC-RDEVWS10" name="com.LegacyApplication.ProductionTickets.TC057_CreateQAAsubmissionWithoutEmail" tests="1" failures="0" timestamp="23 Apr 2019 12:06:50 GMT" time="125.687" errors="0">
  <testcase name="verify_QAA_submission_witout_email" time="125.687" classname="com.LegacyApplication.ProductionTickets.TC057_CreateQAAsubmissionWithoutEmail"/>
</testsuite> <!-- com.LegacyApplication.ProductionTickets.TC057_CreateQAAsubmissionWithoutEmail -->
