<?xml version="1.0" encoding="UTF-8"?>
<!-- Generated by org.testng.reporters.JUnitReportReporter -->
<testsuite skipped="0" hostname="ROC-RDEVWS07" name="com.LegcyApplication.NewARProcess.TC072_VerifySubmissionStatus_NormalAgency_DirectBill" tests="1" failures="0" timestamp="12 Oct 2018 09:08:42 GMT" time="324.090" errors="0">
  <testcase name="review_submissionStatus_NormalAgency_DirectBill" time="324.090" classname="com.LegcyApplication.NewARProcess.TC072_VerifySubmissionStatus_NormalAgency_DirectBill"/>
</testsuite> <!-- com.LegcyApplication.NewARProcess.TC072_VerifySubmissionStatus_NormalAgency_DirectBill -->
