<?xml version="1.0" encoding="UTF-8"?>
<!-- Generated by org.testng.reporters.JUnitReportReporter -->
<testsuite skipped="0" hostname="ROC-RDEVWS07" name="com.LegcyApplication.NewARProcess.TC073_VerifySubmissionStatus_NormalAgency_AgencyFinance" tests="1" failures="0" timestamp="12 Oct 2018 09:21:51 GMT" time="307.265" errors="0">
  <testcase name="review_submissionStatus_NormalAgency_DirectBill" time="307.265" classname="com.LegcyApplication.NewARProcess.TC073_VerifySubmissionStatus_NormalAgency_AgencyFinance"/>
</testsuite> <!-- com.LegcyApplication.NewARProcess.TC073_VerifySubmissionStatus_NormalAgency_AgencyFinance -->
