<?xml version="1.0" encoding="UTF-8"?>
<!-- Generated by org.testng.reporters.JUnitReportReporter -->
<testsuite skipped="0" hostname="ROC-RDEVWS07" name="com.LegcyApplication.NewARProcess.TC074_VerifySubmissionStatus_NormalAgency_PremiumFinance" tests="1" failures="0" timestamp="12 Oct 2018 09:36:31 GMT" time="314.274" errors="0">
  <testcase name="review_submissionStatus_NormalAgency_PremiumFinance" time="314.274" classname="com.LegcyApplication.NewARProcess.TC074_VerifySubmissionStatus_NormalAgency_PremiumFinance"/>
</testsuite> <!-- com.LegcyApplication.NewARProcess.TC074_VerifySubmissionStatus_NormalAgency_PremiumFinance -->
