<?xml version="1.0" encoding="UTF-8"?>
<!-- Generated by org.testng.reporters.JUnitReportReporter -->
<testsuite hostname="MCC-RDEVWS10" name="clearSpring.TC116_CS_multiState_HappyFlow" tests="1" failures="0" timestamp="11 Feb 2020 09:32:22 GMT" time="99.412" errors="0">
  <testcase name="ts02_QCS_upTo_Submit_multiState" time="99.412" classname="clearSpring.TC116_CS_multiState_HappyFlow"/>
</testsuite> <!-- clearSpring.TC116_CS_multiState_HappyFlow -->
