<?xml version="1.0" encoding="UTF-8"?>
<!-- Generated by org.testng.reporters.JUnitReportReporter -->
<testsuite hostname="MCC-RDEVWS10" name="WorkesrCom_UI.TC105_AdditionalInfo_Page8" tests="1" failures="0" timestamp="5 Feb 2020 09:33:33 GMT" time="169.993" errors="0">
  <testcase name="ts01_additionalInfo_Page_verify" time="169.993" classname="WorkesrCom_UI.TC105_AdditionalInfo_Page8"/>
</testsuite> <!-- WorkesrCom_UI.TC105_AdditionalInfo_Page8 -->
