<?xml version="1.0" encoding="UTF-8"?>
<!-- Generated by org.testng.reporters.JUnitReportReporter -->
<testsuite hostname="ROC-RDEVWS10" name="com.LegacyApplication.ProductionTickets.TC084_GABRsubmission_withoutIssuePolicyOption45Com" tests="1" failures="0" timestamp="18 Jul 2019 05:47:18 GMT" time="68.412" errors="0">
  <testcase name="gabr_No_IssuePolicyOption_Commercial45" time="68.412" classname="com.LegacyApplication.ProductionTickets.TC084_GABRsubmission_withoutIssuePolicyOption45Com"/>
</testsuite> <!-- com.LegacyApplication.ProductionTickets.TC084_GABRsubmission_withoutIssuePolicyOption45Com -->
