<?xml version="1.0" encoding="UTF-8"?>
<!-- Generated by org.testng.reporters.JUnitReportReporter -->
<testsuite skipped="0" hostname="ROC-RDEVWS07" name="com.LegacyApplication.RegressionIssues.TC089_CreateGABRSubmission" tests="1" failures="0" timestamp="04 Dec 2018 10:33:26 GMT" time="56.688" errors="0">
  <testcase name="create_GABR_submission" time="56.688" classname="com.LegacyApplication.RegressionIssues.TC089_CreateGABRSubmission"/>
</testsuite> <!-- com.LegacyApplication.RegressionIssues.TC089_CreateGABRSubmission -->
