<?xml version="1.0" encoding="UTF-8"?>
<!-- Generated by org.testng.reporters.JUnitReportReporter -->
<testsuite skipped="0" hostname="ROC-RDEVWS10" name="com.LegacyApplication.RegressionIssues.TC064_VerifyZipCodeWhileFilling_IM_QNI" tests="1" failures="0" timestamp="16 Aug 2018 05:50:23 GMT" time="67.936" errors="0">
  <testcase name="verify_zipcode_IM" time="67.936" classname="com.LegacyApplication.RegressionIssues.TC064_VerifyZipCodeWhileFilling_IM_QNI"/>
</testsuite> <!-- com.LegacyApplication.RegressionIssues.TC064_VerifyZipCodeWhileFilling_IM_QNI -->
