<?xml version="1.0" encoding="UTF-8"?>
<!-- Generated by org.testng.reporters.JUnitReportReporter -->
<testsuite skipped="0" hostname="ROC-RDEVWS10" name="com.LegacyApplication.ProductionTickets.TC032_VerifyGABRUpdateReferralCountiesAndLogic" tests="1" failures="0" timestamp="28 Feb 2019 09:11:10 GMT" time="116.091" errors="0">
  <testcase name="verify_GABR_update_referralcountiesand_logic" time="116.091" classname="com.LegacyApplication.ProductionTickets.TC032_VerifyGABRUpdateReferralCountiesAndLogic"/>
</testsuite> <!-- com.LegacyApplication.ProductionTickets.TC032_VerifyGABRUpdateReferralCountiesAndLogic -->
