<?xml version="1.0" encoding="UTF-8"?>
<!-- Generated by org.testng.reporters.JUnitReportReporter -->
<testsuite skipped="0" hostname="ROC-RDEVWS10" name="com.LegacyApplication.RegressionIssues.TC048_VerifyVictoryCommercialAuto" tests="1" failures="0" timestamp="28 Feb 2019 10:57:57 GMT" time="197.507" errors="0">
  <testcase name="createQCA" time="197.507" classname="com.LegacyApplication.RegressionIssues.TC048_VerifyVictoryCommercialAuto"/>
</testsuite> <!-- com.LegacyApplication.RegressionIssues.TC048_VerifyVictoryCommercialAuto -->
