<?xml version="1.0" encoding="UTF-8"?>
<!-- Generated by org.testng.reporters.JUnitReportReporter -->
<testsuite skipped="0" hostname="ROC-RDEVWS07" name="com.LegacyApplication.Bonds.TC028_VerifyVictoryExpressEmailAddress" tests="1" failures="0" timestamp="30 May 2018 05:57:56 GMT" time="31.037" errors="0">
  <testcase name="validate_emailaddress_field" time="31.037" classname="com.LegacyApplication.Bonds.TC028_VerifyVictoryExpressEmailAddress"/>
</testsuite> <!-- com.LegacyApplication.Bonds.TC028_VerifyVictoryExpressEmailAddress -->
