<?xml version="1.0" encoding="UTF-8"?>
<!-- Generated by org.testng.reporters.JUnitReportReporter -->
<<<<<<< HEAD
<testsuite skipped="0" hostname="ROC-RDEVWS10" name="com.LegcyApplication.NewARProcess.TC072_VerifySubmissionStatus_AgencyBillAutoRenewalBetaCitizens_AgencyFinance" tests="1" failures="0" timestamp="17 Oct 2018 11:11:28 GMT" time="358.996" errors="0">
  <testcase name="review_submissionStatus_SpecialAgency_AgencyFinance" time="358.996" classname="com.LegcyApplication.NewARProcess.TC072_VerifySubmissionStatus_AgencyBillAutoRenewalBetaCitizens_AgencyFinance"/>
=======
<testsuite skipped="0" hostname="ROC-RDEVWS07" name="com.LegcyApplication.NewARProcess.TC072_VerifySubmissionStatus_AgencyBillAutoRenewalBetaCitizens_AgencyFinance" tests="1" failures="0" timestamp="18 Oct 2018 07:04:41 GMT" time="340.130" errors="0">
  <testcase name="review_submissionStatus_SpecialAgency_AgencyFinance" time="340.130" classname="com.LegcyApplication.NewARProcess.TC072_VerifySubmissionStatus_AgencyBillAutoRenewalBetaCitizens_AgencyFinance"/>
>>>>>>> 95d708d18b95a500ebae6082a3419b17effffc11
</testsuite> <!-- com.LegcyApplication.NewARProcess.TC072_VerifySubmissionStatus_AgencyBillAutoRenewalBetaCitizens_AgencyFinance -->
