<?xml version="1.0" encoding="UTF-8"?>
<!-- Generated by org.testng.reporters.JUnitReportReporter -->
<testsuite skipped="0" hostname="ROC-RDEVWS10" name="com.LegacyApplication.RegressionIssues.TC050_VerifyApplicationpage_QCA" tests="1" failures="0" timestamp="28 Feb 2019 11:03:38 GMT" time="55.143" errors="0">
  <testcase name="applicationpage_QCA" time="55.143" classname="com.LegacyApplication.RegressionIssues.TC050_VerifyApplicationpage_QCA"/>
</testsuite> <!-- com.LegacyApplication.RegressionIssues.TC050_VerifyApplicationpage_QCA -->
