<?xml version="1.0" encoding="UTF-8"?>
<!-- Generated by org.testng.reporters.JUnitReportReporter -->
<<<<<<< HEAD
<testsuite skipped="0" hostname="ROC-RDEVWS07" name="com.LegacyApplication.ProductionTickets.TC033_VerifyRunningOutofPolicyNumbersQAA" tests="1" failures="0" timestamp="13 Aug 2018 07:22:46 GMT" time="222.177" errors="0">
  <testcase name="verify_running_outofpolicynumbers_QAA" time="222.177" classname="com.LegacyApplication.ProductionTickets.TC033_VerifyRunningOutofPolicyNumbersQAA"/>
=======
<testsuite skipped="0" hostname="ROC-RDEVWS10" name="com.LegacyApplication.ProductionTickets.TC033_VerifyRunningOutofPolicyNumbersQAA" tests="1" failures="0" timestamp="13 Aug 2018 09:18:17 GMT" time="245.336" errors="0">
  <testcase name="verify_running_outofpolicynumbers_QAA" time="245.336" classname="com.LegacyApplication.ProductionTickets.TC033_VerifyRunningOutofPolicyNumbersQAA"/>
>>>>>>> 34c9c150834dbed8be3d5df42f99e512a1b0cdd4
</testsuite> <!-- com.LegacyApplication.ProductionTickets.TC033_VerifyRunningOutofPolicyNumbersQAA -->
