<?xml version="1.0" encoding="UTF-8"?>
<!-- Generated by org.testng.reporters.JUnitReportReporter -->
<<<<<<< HEAD
<testsuite skipped="0" hostname="ROC-RDEVWS10" name="com.LegcyApplication.NewARProcess.TC078_VerifyRenewalInfo_RenewalCreated_DirectBill" tests="1" failures="0" timestamp="19 Oct 2018 09:13:40 GMT" time="352.278" errors="0">
  <testcase name="review_submissionStatus_NormalAgency_DirectBill" time="352.278" classname="com.LegcyApplication.NewARProcess.TC078_VerifyRenewalInfo_RenewalCreated_DirectBill"/>
=======
<testsuite skipped="0" hostname="ROC-RDEVWS07" name="com.LegcyApplication.NewARProcess.TC078_VerifyRenewalInfo_RenewalCreated_DirectBill" tests="1" failures="0" timestamp="19 Oct 2018 06:42:51 GMT" time="324.173" errors="1">
  <testcase name="review_submissionStatus_NormalAgency_DirectBill" time="324.173" classname="com.LegcyApplication.NewARProcess.TC078_VerifyRenewalInfo_RenewalCreated_DirectBill">
    <error type="java.lang.NullPointerException">
      <![CDATA[java.lang.NullPointerException
at com.LegacyApplication.ExcelReader.ExcelReader.get_row_data_from_col(ExcelReader.java:203)
at com.LegacyApplication.PageMethods.AutoRenewalBrokerFeeMethods.verify_renewal_status(AutoRenewalBrokerFeeMethods.java:1668)
at com.LegcyApplication.NewARProcess.TC078_VerifyRenewalInfo_RenewalCreated_DirectBill.review_submissionStatus_NormalAgency_DirectBill(TC078_VerifyRenewalInfo_RenewalCreated_DirectBill.java:60)
at sun.reflect.NativeMethodAccessorImpl.invoke0(Native Method)
at sun.reflect.NativeMethodAccessorImpl.invoke(NativeMethodAccessorImpl.java:62)
at sun.reflect.DelegatingMethodAccessorImpl.invoke(DelegatingMethodAccessorImpl.java:43)
at java.lang.reflect.Method.invoke(Method.java:498)
at org.testng.internal.MethodInvocationHelper.invokeMethod(MethodInvocationHelper.java:124)
at org.testng.internal.Invoker.invokeMethod(Invoker.java:580)
at org.testng.internal.Invoker.invokeTestMethod(Invoker.java:716)
at org.testng.internal.Invoker.invokeTestMethods(Invoker.java:988)
at org.testng.internal.TestMethodWorker.invokeTestMethods(TestMethodWorker.java:125)
at org.testng.internal.TestMethodWorker.run(TestMethodWorker.java:109)
at org.testng.TestRunner.privateRun(TestRunner.java:648)
at org.testng.TestRunner.run(TestRunner.java:505)
at org.testng.SuiteRunner.runTest(SuiteRunner.java:455)
at org.testng.SuiteRunner.runSequentially(SuiteRunner.java:450)
at org.testng.SuiteRunner.privateRun(SuiteRunner.java:415)
at org.testng.SuiteRunner.run(SuiteRunner.java:364)
at org.testng.SuiteRunnerWorker.runSuite(SuiteRunnerWorker.java:52)
at org.testng.SuiteRunnerWorker.run(SuiteRunnerWorker.java:84)
at org.testng.TestNG.runSuitesSequentially(TestNG.java:1208)
at org.testng.TestNG.runSuitesLocally(TestNG.java:1137)
at org.testng.TestNG.runSuites(TestNG.java:1049)
at org.testng.TestNG.run(TestNG.java:1017)
at org.testng.remote.AbstractRemoteTestNG.run(AbstractRemoteTestNG.java:114)
at org.testng.remote.RemoteTestNG.initAndRun(RemoteTestNG.java:251)
at org.testng.remote.RemoteTestNG.main(RemoteTestNG.java:77)
]]>
    </error>
  </testcase> <!-- review_submissionStatus_NormalAgency_DirectBill -->
>>>>>>> 12669c9630db9a2dc04e735fe38c21fc738de29b
</testsuite> <!-- com.LegcyApplication.NewARProcess.TC078_VerifyRenewalInfo_RenewalCreated_DirectBill -->
