<?xml version="1.0" encoding="UTF-8"?>
<!-- Generated by org.testng.reporters.JUnitReportReporter -->
<testsuite hostname="MCC-RDEVWS10" name="com.LegacyApplication.AutoRenewBrokerFee.TC018_ValidateDifferentFlatBrokerFeeForNewandRenewal" tests="1" failures="0" timestamp="1 Nov 2019 10:55:49 GMT" time="800.992" errors="0">
  <testcase name="setup_flat_brokerfee" time="800.992" classname="com.LegacyApplication.AutoRenewBrokerFee.TC018_ValidateDifferentFlatBrokerFeeForNewandRenewal"/>
</testsuite> <!-- com.LegacyApplication.AutoRenewBrokerFee.TC018_ValidateDifferentFlatBrokerFeeForNewandRenewal -->
