<?xml version="1.0" encoding="UTF-8"?>
<!-- Generated by org.testng.reporters.JUnitReportReporter -->
<testsuite hostname="MCC-RDEVWS10" name="WorkesrCom_UI.TC115_InsHistoryChangeScenarios" tests="3" failures="0" timestamp="18 Feb 2020 13:10:05 GMT" time="1105.784" errors="0">
  <testcase name="ts01_employer_flow_verify_InsuranceThing_BOI_test" time="322.269" classname="WorkesrCom_UI.TC115_InsHistoryChangeScenarios"/>
  <testcase name="ts01_employer_flow_verify_InsuranceThing" time="364.838" classname="WorkesrCom_UI.TC115_InsHistoryChangeScenarios"/>
  <testcase name="ts02_AMTrust_flow_verify_InsuranceThing" time="418.677" classname="WorkesrCom_UI.TC115_InsHistoryChangeScenarios"/>
</testsuite> <!-- WorkesrCom_UI.TC115_InsHistoryChangeScenarios -->
