<?xml version="1.0" encoding="UTF-8"?>
<!-- Generated by org.testng.reporters.JUnitReportReporter -->
<testsuite hostname="MCC-RDEVWS10" name="WorkesrCom_UI.TC113_HappyFlow_Prod" tests="2" failures="0" timestamp="29 Jan 2020 06:11:50 GMT" time="531.906" errors="0">
  <testcase name="ts01_employer_flow_verify" time="268.540" classname="WorkesrCom_UI.TC113_HappyFlow_Prod"/>
  <testcase name="ts02_AMTrust_flow_verify" time="263.366" classname="WorkesrCom_UI.TC113_HappyFlow_Prod"/>
</testsuite> <!-- WorkesrCom_UI.TC113_HappyFlow_Prod -->
