<?xml version="1.0" encoding="UTF-8"?>
<!-- Generated by org.testng.reporters.JUnitReportReporter -->
<testsuite hostname="MCC-RDEVWS10" name="com.LegacyApplication.AutoRenewBrokerFee.TC024_CreateQAARenewal" tests="1" failures="0" timestamp="1 Nov 2019 09:16:20 GMT" time="74.528" errors="0">
  <testcase name="create_submission_and_renewal" time="74.528" classname="com.LegacyApplication.AutoRenewBrokerFee.TC024_CreateQAARenewal"/>
</testsuite> <!-- com.LegacyApplication.AutoRenewBrokerFee.TC024_CreateQAARenewal -->
