<?xml version="1.0" encoding="UTF-8"?>
<!-- Generated by org.testng.reporters.JUnitReportReporter -->
<testsuite hostname="MCC-RDEVWS10" name="WorkesrCom_UI.TC104_CreditOpportunity_Page7" tests="1" failures="0" timestamp="5 Feb 2020 09:33:33 GMT" time="111.975" errors="0">
  <testcase name="ts01_credit_Opportunity_verify" time="111.975" classname="WorkesrCom_UI.TC104_CreditOpportunity_Page7"/>
</testsuite> <!-- WorkesrCom_UI.TC104_CreditOpportunity_Page7 -->
