<?xml version="1.0" encoding="UTF-8"?>
<!-- Generated by org.testng.reporters.JUnitReportReporter -->
<testsuite hostname="ROC-RDEVWS10" name="com.LegacyApplication.NewARProcess.TC081_RenewalCreatedSubmission_BindingDoc_DirectBillOnlyOption" tests="1" failures="0" timestamp="6 Aug 2019 08:55:04 GMT" time="515.127" errors="0">
  <testcase name="NormalAgency_RenewalCreated_DirectBillOnlyOption" time="515.127" classname="com.LegacyApplication.NewARProcess.TC081_RenewalCreatedSubmission_BindingDoc_DirectBillOnlyOption"/>
</testsuite> <!-- com.LegacyApplication.NewARProcess.TC081_RenewalCreatedSubmission_BindingDoc_DirectBillOnlyOption -->
