<?xml version="1.0" encoding="UTF-8"?>
<!-- Generated by org.testng.reporters.JUnitReportReporter -->
<testsuite skipped="0" hostname="ROC-RDEVWS10" name="com.LegacyApplication.ProductionTickets.TC042_VerifyGLTotalPayrollValueForNewAndRenwal" tests="1" failures="0" timestamp="23 Apr 2019 12:03:55 GMT" time="353.129" errors="0">
  <testcase name="verify_GL_totalPayroll" time="353.129" classname="com.LegacyApplication.ProductionTickets.TC042_VerifyGLTotalPayrollValueForNewAndRenwal"/>
</testsuite> <!-- com.LegacyApplication.ProductionTickets.TC042_VerifyGLTotalPayrollValueForNewAndRenwal -->
