<?xml version="1.0" encoding="UTF-8"?>
<!-- Generated by org.testng.reporters.JUnitReportReporter -->
<testsuite skipped="0" hostname="ROC-RDEVWS10" name="com.LegacyApplication.RegressionIssues.TC043_ValidateAgencyExpirationDateField" tests="1" failures="0" timestamp="23 Apr 2019 12:41:23 GMT" time="54.041" errors="0">
  <testcase name="verify_expirationdate_field" time="54.041" classname="com.LegacyApplication.RegressionIssues.TC043_ValidateAgencyExpirationDateField"/>
</testsuite> <!-- com.LegacyApplication.RegressionIssues.TC043_ValidateAgencyExpirationDateField -->
