<?xml version="1.0" encoding="UTF-8"?>
<!-- Generated by org.testng.reporters.JUnitReportReporter -->
<testsuite name="com.LegacyApplication.SubmissionPage.TC006_VerifyOptionalCoverages" tests="1" time="35.155" ignored="0" failures="0" timestamp="29 Nov 2017 05:27:15 GMT" skipped="0" hostname="ROC-RDEVWS07" errors="0">
  <testcase name="verify_optional_coverages" time="35.155" classname="com.LegacyApplication.SubmissionPage.TC006_VerifyOptionalCoverages"/>
</testsuite> <!-- com.LegacyApplication.SubmissionPage.TC006_VerifyOptionalCoverages -->
