<?xml version="1.0" encoding="UTF-8"?>
<!-- Generated by org.testng.reporters.JUnitReportReporter -->
<testsuite hostname="MCC-RDEVWS10" name="com.LegacyApplication.AutoRenewBrokerFee.TC020_ValidateDifferentPercentageBrokerFeeForNewandRenewal" tests="1" failures="0" timestamp="1 Nov 2019 10:55:49 GMT" time="740.027" errors="0">
  <testcase name="setup_percentage_brokerfee" time="740.027" classname="com.LegacyApplication.AutoRenewBrokerFee.TC020_ValidateDifferentPercentageBrokerFeeForNewandRenewal"/>
</testsuite> <!-- com.LegacyApplication.AutoRenewBrokerFee.TC020_ValidateDifferentPercentageBrokerFeeForNewandRenewal -->
