<?xml version="1.0" encoding="UTF-8"?>
<!-- Generated by org.testng.reporters.JUnitReportReporter -->
<testsuite skipped="0" hostname="ROC-RDEVWS10" name="com.NewGIDirect.TC_082_InvalidDataNewUI" tests="1" failures="0" timestamp="19 Nov 2018 05:45:53 GMT" time="81.842" errors="0">
  <testcase name="createQAA" time="81.842" classname="com.NewGIDirect.TC_082_InvalidDataNewUI"/>
</testsuite> <!-- com.NewGIDirect.TC_082_InvalidDataNewUI -->
