<?xml version="1.0" encoding="UTF-8"?>
<!-- Generated by org.testng.reporters.JUnitReportReporter -->
<testsuite hostname="MCC-RDEVWS10" name="clearSpring.TC115_ClearSpringHappyFlow" tests="1" failures="0" timestamp="18 Feb 2020 11:48:44 GMT" time="213.365" errors="0">
  <testcase name="ts01_QCS_upTo_Submit" time="213.365" classname="clearSpring.TC115_ClearSpringHappyFlow"/>
</testsuite> <!-- clearSpring.TC115_ClearSpringHappyFlow -->
