<?xml version="1.0" encoding="UTF-8"?>
<!-- Generated by org.testng.reporters.JUnitReportReporter -->
<testsuite name="com.LegacyApplication.LoginPage.TestExcel" tests="1" time="1.190" ignored="0" failures="0" timestamp="26 Oct 2017 11:50:21 GMT" skipped="0" hostname="ROC-RDEVWS07" errors="0">
  <testcase name="TestExcel" time="1.190" classname="com.LegacyApplication.LoginPage.TestExcel"/>
</testsuite> <!-- com.LegacyApplication.LoginPage.TestExcel -->
