<?xml version="1.0" encoding="UTF-8"?>
<!-- Generated by org.testng.reporters.JUnitReportReporter -->
<testsuite name="com.LegacyApplication.LoginPage.TestingPurpose" tests="1" time="5.446" ignored="0" failures="0" timestamp="26 Oct 2017 11:50:21 GMT" skipped="0" hostname="ROC-RDEVWS07" errors="0">
  <testcase name="setup" time="5.446" classname="com.LegacyApplication.LoginPage.TestingPurpose"/>
</testsuite> <!-- com.LegacyApplication.LoginPage.TestingPurpose -->
