<?xml version="1.0" encoding="UTF-8"?>
<!-- Generated by org.testng.reporters.JUnitReportReporter -->
<testsuite name="com.TestingPurpose.TestingPurpose" tests="1" time="0.012" ignored="0" failures="0" timestamp="07 Mar 2020 12:15:55 GMT" skipped="1" hostname="Aravind" errors="0">
  <testcase name="verify_submission_details_information" time="0.012" classname="com.TestingPurpose.TestingPurpose">
    <skipped/>
  </testcase> <!-- verify_submission_details_information -->
</testsuite> <!-- com.TestingPurpose.TestingPurpose -->
